[+] Containers:
 |- [+] Container: /Game/ThirdPerson/Maps/ThirdPersonMap
 |   |- [+] ActorDescs:
 |   |   |- Guid:04CB0EB04F81E153822AF4823572D8A8 BaseClass: NativeClass:/Script/Engine.StaticMeshActor Name:StaticMeshActor_UAID_0250EB6F628EC56E01_1302855995 Label:Level_design_amazon_Asset_high_grass_003 SpatiallyLoaded:1 Bounds:IsValid=true, Min=(X=825.530 Y=1300.918 Z=20.000), Max=(X=1084.457 Y=1342.264 Z=59.370) RuntimeGrid:None EditorOnly:0 RuntimeOnly:0 HLODRelevant:1
 |   |   |- Guid:078C05624CE62303CA34AFAF77CF8879 BaseClass: NativeClass:/Script/Engine.StaticMeshActor Name:StaticMeshActor_UAID_0250EB6F628EC56E01_1303120007 Label:Level_design_amazon_Butterfly_spawn_001 SpatiallyLoaded:1 Bounds:IsValid=true, Min=(X=776.339 Y=1079.185 Z=20.000), Max=(X=796.024 Y=1098.870 Z=39.685) RuntimeGrid:None EditorOnly:0 RuntimeOnly:0 HLODRelevant:1
 |   |   |- Guid:1779614949CEF6278C1AF696E22F02E4 BaseClass: NativeClass:/Script/Engine.StaticMeshActor Name:StaticMeshActor_UAID_0250EB6F628EC56E01_1303144008 Label:Level_design_amazon_Butterfly_spawn_002 SpatiallyLoaded:1 Bounds:IsValid=true, Min=(X=1046.025 Y=1128.379 Z=20.000), Max=(X=1065.710 Y=1148.064 Z=39.685) RuntimeGrid:None EditorOnly:0 RuntimeOnly:0 HLODRelevant:1
 |   |   |- Guid:2FB58999456391D349DC0F86DAC136ED BaseClass: NativeClass:/Script/Engine.SkyLight Name:SkyLight_1 Label:SkyLight SpatiallyLoaded:0 Bounds:IsValid=true, Min=(X=0.000 Y=0.000 Z=690.000), Max=(X=0.000 Y=0.000 Z=690.000) RuntimeGrid:None EditorOnly:0 RuntimeOnly:0 HLODRelevant:0 FolderPath:Lighting FolderGuid:963EC3EB4002CCE9759E2EBA541A873A
 |   |   |- Guid:311CD5BB483F58A7C00F27BD886F05EC BaseClass: NativeClass:/Script/Engine.StaticMeshActor Name:StaticMeshActor_UAID_0250EB6F628EC56E01_1302898997 Label:Level_design_amazon_Asset_high_grass_005 SpatiallyLoaded:1 Bounds:IsValid=true, Min=(X=670.641 Y=920.192 Z=20.000), Max=(X=753.919 Y=1117.264 Z=59.370) RuntimeGrid:None EditorOnly:0 RuntimeOnly:0 HLODRelevant:1
 |   |   |- Guid:316CF2A6494ACA4C0E4180A87D36AB8F BaseClass: NativeClass:/Script/Engine.ExponentialHeightFog Name:ExponentialHeightFog_0 Label:ExponentialHeightFog SpatiallyLoaded:0 Bounds:IsValid=true, Min=(X=-5600.000 Y=-50.000 Z=-6850.000), Max=(X=-5600.000 Y=-50.000 Z=-6850.000) RuntimeGrid:None EditorOnly:0 RuntimeOnly:0 HLODRelevant:0 FolderPath:Lighting FolderGuid:963EC3EB4002CCE9759E2EBA541A873A
 |   |   |- Guid:3A00AA1C422CE54C0BDB60BAF471BFBB BaseClass: NativeClass:/Script/Engine.PlayerStart Name:PlayerStart_0 Label:PlayerStart SpatiallyLoaded:0 Bounds:IsValid=true, Min=(X=860.000 Y=1070.000 Z=20.013), Max=(X=940.000 Y=1150.000 Z=204.013) RuntimeGrid:None EditorOnly:0 RuntimeOnly:0 HLODRelevant:0
 |   |   |- Guid:43F59D544CCD208962880791D9A4C4CB BaseClass: NativeClass:/Script/Engine.StaticMeshActor Name:StaticMeshActor_UAID_0250EB6F628EC56E01_1302875996 Label:Level_design_amazon_Asset_high_grass_004 SpatiallyLoaded:1 Bounds:IsValid=true, Min=(X=926.757 Y=1244.961 Z=20.000), Max=(X=1084.457 Y=1300.918 Z=59.370) RuntimeGrid:None EditorOnly:0 RuntimeOnly:0 HLODRelevant:1
 |   |   |- Guid:488A281B4D0CC0130BD01AA61F080E58 BaseClass: NativeClass:/Script/Engine.StaticMeshActor Name:StaticMeshActor_UAID_0250EB6F628EC56E01_1303190010 Label:Level_design_amazon_Enemy_crocodile_spawn_001 SpatiallyLoaded:1 Bounds:IsValid=true, Min=(X=1229.448 Y=1114.232 Z=8.303), Max=(X=1249.133 Y=1133.917 Z=27.988) RuntimeGrid:None EditorOnly:0 RuntimeOnly:0 HLODRelevant:1
 |   |   |- Guid:4D3BE93F4146AAAC8BBE79999D96D57F BaseClass: NativeClass:/Script/Engine.VolumetricCloud Name:VolumetricCloud_0 Label:VolumetricCloud SpatiallyLoaded:0 Bounds:IsValid=true, Min=(X=0.000 Y=0.000 Z=820.000), Max=(X=0.000 Y=0.000 Z=820.000) RuntimeGrid:None EditorOnly:0 RuntimeOnly:0 HLODRelevant:0 FolderPath:Lighting FolderGuid:963EC3EB4002CCE9759E2EBA541A873A
 |   |   |- Guid:58075C8F4E47775BEE298EBB8E0C5633 BaseClass: NativeClass:/Script/Engine.StaticMeshActor Name:StaticMeshActor_UAID_0250EB6F628EC56E01_1302834994 Label:Level_design_amazon_Asset_high_grass_002 SpatiallyLoaded:1 Bounds:IsValid=true, Min=(X=753.919 Y=1269.130 Z=20.000), Max=(X=825.530 Y=1342.264 Z=59.370) RuntimeGrid:None EditorOnly:0 RuntimeOnly:0 HLODRelevant:1
 |   |   |- Guid:5844839E4F96371218D27DA390F1C119 BaseClass: NativeClass:/Script/Engine.StaticMeshActor Name:StaticMeshActor_UAID_0250EB6F628EC56E01_1303028003 Label:Level_design_amazon_Asset_short_grass_002 SpatiallyLoaded:1 Bounds:IsValid=true, Min=(X=944.732 Y=1121.282 Z=20.000), Max=(X=1003.787 Y=1180.337 Z=40.000) RuntimeGrid:None EditorOnly:0 RuntimeOnly:0 HLODRelevant:1
 |   |   |- Guid:5B97F4A64FB21F77EFC44386BF705B4C BaseClass: NativeClass:/Script/Engine.TextRenderActor Name:TextRenderActor_1 Label:TextRenderActor SpatiallyLoaded:1 Bounds:IsValid=true, Min=(X=-0.100 Y=1100.000 Z=65.013), Max=(X=-0.100 Y=2392.308 Z=215.013) RuntimeGrid:None EditorOnly:0 RuntimeOnly:0 HLODRelevant:0
 |   |   |- Guid:67C890254F744A871621CE9529AD87AE BaseClass: NativeClass:/Script/Engine.StaticMeshActor Name:StaticMeshActor_UAID_0250EB6F628EC56E01_1302763991 Label:Level_design_amazon_asset_floor_grass SpatiallyLoaded:1 Bounds:IsValid=true, Min=(X=670.641 Y=920.192 Z=0.000), Max=(X=1084.457 Y=1342.264 Z=20.000) RuntimeGrid:None EditorOnly:0 RuntimeOnly:0 HLODRelevant:1
 |   |   |- Guid:6BAF4DDD444C60371492D3919DB42C97 BaseClass: NativeClass:/Script/Engine.WorldDataLayers Name:WorldDataLayers Label:WorldDataLayers SpatiallyLoaded:0 Bounds:IsValid=true, Min=(X=0.000 Y=0.000 Z=0.000), Max=(X=0.000 Y=0.000 Z=0.000) RuntimeGrid:None EditorOnly:0 RuntimeOnly:0 HLODRelevant:0
 |   |   |- Guid:6C2D8D2141B6AE7102626BA763047EA8 BaseClass: NativeClass:/Script/Engine.StaticMeshActor Name:StaticMeshActor_UAID_0250EB6F628EC56E01_1303074005 Label:Level_design_amazon_Banana_spawn_001 SpatiallyLoaded:1 Bounds:IsValid=true, Min=(X=1123.880 Y=968.263 Z=20.000), Max=(X=1143.565 Y=987.948 Z=39.685) RuntimeGrid:None EditorOnly:0 RuntimeOnly:0 HLODRelevant:1
 |   |   |- Guid:6F3FA03146058679FD78E78AFBC60BCF BaseClass: NativeClass:/Script/Engine.StaticMeshActor Name:StaticMeshActor_UAID_0250EB6F628EC56E01_1302961000 Label:Level_design_amazon_Asset_high_grass_008 SpatiallyLoaded:1 Bounds:IsValid=true, Min=(X=1020.328 Y=951.883 Z=20.000), Max=(X=1084.457 Y=992.518 Z=59.370) RuntimeGrid:None EditorOnly:0 RuntimeOnly:0 HLODRelevant:1
 |   |   |- Guid:766B942F4A7D2D1180881C8AACCA527F BaseClass: NativeClass:/Script/Engine.StaticMeshActor Name:StaticMeshActor_UAID_0250EB6F628EC56E01_1303006002 Label:Level_design_amazon_Asset_short_grass_001 SpatiallyLoaded:1 Bounds:IsValid=true, Min=(X=807.904 Y=1106.770 Z=20.000), Max=(X=866.959 Y=1165.825 Z=40.000) RuntimeGrid:None EditorOnly:0 RuntimeOnly:0 HLODRelevant:1
 |   |   |- Guid:8C91D40B4948433311041FAAB3E127D6 BaseClass: NativeClass:/Script/Engine.StaticMeshActor Name:StaticMeshActor_UAID_0250EB6F628EC56E01_1303212011 Label:Level_design_amazon_Enemy_snake_001 SpatiallyLoaded:1 Bounds:IsValid=true, Min=(X=827.589 Y=1125.555 Z=20.000), Max=(X=847.274 Y=1145.240 Z=51.496) RuntimeGrid:None EditorOnly:0 RuntimeOnly:0 HLODRelevant:1
 |   |   |- Guid:900252524D46E2CCC8BBBB915DC6ACDE BaseClass: NativeClass:/Script/Engine.StaticMeshActor Name:StaticMeshActor_UAID_0250EB6F628EC56E01_1302918998 Label:Level_design_amazon_Asset_high_grass_006 SpatiallyLoaded:1 Bounds:IsValid=true, Min=(X=753.919 Y=920.192 Z=20.000), Max=(X=914.037 Y=993.235 Z=59.370) RuntimeGrid:None EditorOnly:0 RuntimeOnly:0 HLODRelevant:1
 |   |   |- Guid:97B9C839462AEF8C25906E8111901D24 BaseClass: NativeClass:/Script/Engine.StaticMeshActor Name:StaticMeshActor_UAID_0250EB6F628EC56E01_1302984001 Label:Level_design_amazon_Asset_river_001 SpatiallyLoaded:1 Bounds:IsValid=true, Min=(X=1177.485 Y=920.192 Z=0.315), Max=(X=1288.346 Y=1342.264 Z=20.000) RuntimeGrid:None EditorOnly:0 RuntimeOnly:0 HLODRelevant:1
 |   |   |- Guid:B785ED2844B84CFB91E7F39FE661CD99 BaseClass: NativeClass:/Script/Engine.DirectionalLight Name:DirectionalLight_0 Label:DirectionalLight SpatiallyLoaded:0 Bounds:IsValid=true, Min=(X=-1048576.000 Y=-1048576.000 Z=-1048576.000), Max=(X=1048576.000 Y=1048576.000 Z=1048576.000) RuntimeGrid:None EditorOnly:0 RuntimeOnly:0 HLODRelevant:0 FolderPath:Lighting FolderGuid:963EC3EB4002CCE9759E2EBA541A873A
 |   |   |- Guid:BE2FC88F4C247A55589B27A85AA4D01E BaseClass: NativeClass:/Script/Engine.StaticMeshActor Name:StaticMeshActor_UAID_0250EB6F628EC56E01_1302812993 Label:Level_design_amazon_Asset_high_grass_001 SpatiallyLoaded:1 Bounds:IsValid=true, Min=(X=670.641 Y=1196.038 Z=20.000), Max=(X=753.919 Y=1342.264 Z=59.370) RuntimeGrid:None EditorOnly:0 RuntimeOnly:0 HLODRelevant:1
 |   |   |- Guid:BF6BF2E2480352D521675898F293D922 BaseClass: NativeClass:/Script/Engine.StaticMeshActor Name:StaticMeshActor_UAID_0250EB6F628EC56E01_1303051004 Label:Level_design_amazon_Asset_short_grass_003 SpatiallyLoaded:1 Bounds:IsValid=true, Min=(X=903.261 Y=1015.868 Z=20.000), Max=(X=962.316 Y=1074.924 Z=40.000) RuntimeGrid:None EditorOnly:0 RuntimeOnly:0 HLODRelevant:1
 |   |   |- Guid:C423A8994161AF00FFBD3B9B7D4EBB30 BaseClass: NativeClass:/Script/Engine.StaticMeshActor Name:StaticMeshActor_UAID_0250EB6F628EC56E01_1302938999 Label:Level_design_amazon_Asset_high_grass_007 SpatiallyLoaded:1 Bounds:IsValid=true, Min=(X=914.175 Y=920.192 Z=20.000), Max=(X=1084.457 Y=951.883 Z=59.370) RuntimeGrid:None EditorOnly:0 RuntimeOnly:0 HLODRelevant:1
 |   |   |- Guid:C68CC14C495CFA96A42AED8D825F3150 BaseClass: NativeClass:/Script/Engine.StaticMeshActor Name:StaticMeshActor_UAID_0250EB6F628EC56E01_1302790992 Label:Level_design_amazon_Asset_floor_sand SpatiallyLoaded:1 Bounds:IsValid=true, Min=(X=1084.457 Y=920.192 Z=0.315), Max=(X=1177.485 Y=1342.264 Z=20.000) RuntimeGrid:None EditorOnly:0 RuntimeOnly:0 HLODRelevant:1
 |   |   |- Guid:CCFF262C46EEFFDF319E7F9539CE697E BaseClass: NativeClass:/Script/Engine.SkyAtmosphere Name:SkyAtmosphere_0 Label:SkyAtmosphere SpatiallyLoaded:0 Bounds:IsValid=true, Min=(X=0.000 Y=0.000 Z=1020.000), Max=(X=0.000 Y=0.000 Z=1020.000) RuntimeGrid:None EditorOnly:0 RuntimeOnly:0 HLODRelevant:0 FolderPath:Lighting FolderGuid:963EC3EB4002CCE9759E2EBA541A873A
 |   |   |- Guid:DFF3F27144B7B41383AB3CAE15EF4D68 BaseClass: NativeClass:/Script/Engine.StaticMeshActor Name:StaticMeshActor_UAID_0250EB6F628EC56E01_1303167009 Label:Level_design_amazon_Character_Player SpatiallyLoaded:1 Bounds:IsValid=true, Min=(X=705.904 Y=1147.471 Z=20.000), Max=(X=721.652 Y=1163.219 Z=79.055) RuntimeGrid:None EditorOnly:0 RuntimeOnly:0 HLODRelevant:1
 |   |   |- Guid:EC4E0C944CE6AC6E784BC6BB2916EA13 BaseClass: NativeClass:/Script/Engine.StaticMeshActor Name:StaticMeshActor_UAID_A4AE111137DC5EFB00_1110535423 Label:SM_SkySphere SpatiallyLoaded:0 Bounds:IsValid=true, Min=(X=-1638400.000 Y=-1638400.000 Z=-1638400.000), Max=(X=1638400.000 Y=1638400.000 Z=1638400.000) RuntimeGrid:None EditorOnly:0 RuntimeOnly:0 HLODRelevant:1 FolderPath:Lighting FolderGuid:963EC3EB4002CCE9759E2EBA541A873A
 |   |   |- Guid:F115456846579E56789BF4BEC4594529 BaseClass: NativeClass:/Script/Engine.StaticMeshActor Name:StaticMeshActor_UAID_0250EB6F628EC56E01_1303097006 Label:Level_design_amazon_Banana_spawn_002 SpatiallyLoaded:1 Bounds:IsValid=true, Min=(X=1123.880 Y=1295.209 Z=20.000), Max=(X=1143.565 Y=1314.894 Z=39.685) RuntimeGrid:None EditorOnly:0 RuntimeOnly:0 HLODRelevant:1
 |   |   |- Guid:F5E3FEB3450C49844FD93DA8E083C8AD BaseClass: NativeClass:/Script/Engine.PostProcessVolume Name:PostProcessVolume_0 Label:PostProcessVolume SpatiallyLoaded:0 Bounds:IsValid=true, Min=(X=0.000 Y=0.000 Z=400.000), Max=(X=200.000 Y=200.000 Z=600.000) RuntimeGrid:None EditorOnly:0 RuntimeOnly:0 HLODRelevant:0 FolderPath:Lighting FolderGuid:963EC3EB4002CCE9759E2EBA541A873A
 |   |- [+] Clusters:
 |   |   |- [+] [  0]
 |   |   |   |- Guid:6BAF4DDD444C60371492D3919DB42C97 BaseClass: NativeClass:/Script/Engine.WorldDataLayers Name:WorldDataLayers Label:WorldDataLayers SpatiallyLoaded:0 Bounds:IsValid=true, Min=(X=0.000 Y=0.000 Z=0.000), Max=(X=0.000 Y=0.000 Z=0.000) RuntimeGrid:None EditorOnly:0 RuntimeOnly:0 HLODRelevant:0
 |   |   |- [+] [  1]
 |   |   |   |- Guid:F5E3FEB3450C49844FD93DA8E083C8AD BaseClass: NativeClass:/Script/Engine.PostProcessVolume Name:PostProcessVolume_0 Label:PostProcessVolume SpatiallyLoaded:0 Bounds:IsValid=true, Min=(X=0.000 Y=0.000 Z=400.000), Max=(X=200.000 Y=200.000 Z=600.000) RuntimeGrid:None EditorOnly:0 RuntimeOnly:0 HLODRelevant:0 FolderPath:Lighting FolderGuid:963EC3EB4002CCE9759E2EBA541A873A
 |   |   |- [+] [  2]
 |   |   |   |- Guid:5B97F4A64FB21F77EFC44386BF705B4C BaseClass: NativeClass:/Script/Engine.TextRenderActor Name:TextRenderActor_1 Label:TextRenderActor SpatiallyLoaded:1 Bounds:IsValid=true, Min=(X=-0.100 Y=1100.000 Z=65.013), Max=(X=-0.100 Y=2392.308 Z=215.013) RuntimeGrid:None EditorOnly:0 RuntimeOnly:0 HLODRelevant:0
 |   |   |- [+] [  3]
 |   |   |   |- Guid:4D3BE93F4146AAAC8BBE79999D96D57F BaseClass: NativeClass:/Script/Engine.VolumetricCloud Name:VolumetricCloud_0 Label:VolumetricCloud SpatiallyLoaded:0 Bounds:IsValid=true, Min=(X=0.000 Y=0.000 Z=820.000), Max=(X=0.000 Y=0.000 Z=820.000) RuntimeGrid:None EditorOnly:0 RuntimeOnly:0 HLODRelevant:0 FolderPath:Lighting FolderGuid:963EC3EB4002CCE9759E2EBA541A873A
 |   |   |- [+] [  4]
 |   |   |   |- Guid:CCFF262C46EEFFDF319E7F9539CE697E BaseClass: NativeClass:/Script/Engine.SkyAtmosphere Name:SkyAtmosphere_0 Label:SkyAtmosphere SpatiallyLoaded:0 Bounds:IsValid=true, Min=(X=0.000 Y=0.000 Z=1020.000), Max=(X=0.000 Y=0.000 Z=1020.000) RuntimeGrid:None EditorOnly:0 RuntimeOnly:0 HLODRelevant:0 FolderPath:Lighting FolderGuid:963EC3EB4002CCE9759E2EBA541A873A
 |   |   |- [+] [  5]
 |   |   |   |- Guid:EC4E0C944CE6AC6E784BC6BB2916EA13 BaseClass: NativeClass:/Script/Engine.StaticMeshActor Name:StaticMeshActor_UAID_A4AE111137DC5EFB00_1110535423 Label:SM_SkySphere SpatiallyLoaded:0 Bounds:IsValid=true, Min=(X=-1638400.000 Y=-1638400.000 Z=-1638400.000), Max=(X=1638400.000 Y=1638400.000 Z=1638400.000) RuntimeGrid:None EditorOnly:0 RuntimeOnly:0 HLODRelevant:1 FolderPath:Lighting FolderGuid:963EC3EB4002CCE9759E2EBA541A873A
 |   |   |- [+] [  6]
 |   |   |   |- Guid:B785ED2844B84CFB91E7F39FE661CD99 BaseClass: NativeClass:/Script/Engine.DirectionalLight Name:DirectionalLight_0 Label:DirectionalLight SpatiallyLoaded:0 Bounds:IsValid=true, Min=(X=-1048576.000 Y=-1048576.000 Z=-1048576.000), Max=(X=1048576.000 Y=1048576.000 Z=1048576.000) RuntimeGrid:None EditorOnly:0 RuntimeOnly:0 HLODRelevant:0 FolderPath:Lighting FolderGuid:963EC3EB4002CCE9759E2EBA541A873A
 |   |   |- [+] [  7]
 |   |   |   |- Guid:316CF2A6494ACA4C0E4180A87D36AB8F BaseClass: NativeClass:/Script/Engine.ExponentialHeightFog Name:ExponentialHeightFog_0 Label:ExponentialHeightFog SpatiallyLoaded:0 Bounds:IsValid=true, Min=(X=-5600.000 Y=-50.000 Z=-6850.000), Max=(X=-5600.000 Y=-50.000 Z=-6850.000) RuntimeGrid:None EditorOnly:0 RuntimeOnly:0 HLODRelevant:0 FolderPath:Lighting FolderGuid:963EC3EB4002CCE9759E2EBA541A873A
 |   |   |- [+] [  8]
 |   |   |   |- Guid:2FB58999456391D349DC0F86DAC136ED BaseClass: NativeClass:/Script/Engine.SkyLight Name:SkyLight_1 Label:SkyLight SpatiallyLoaded:0 Bounds:IsValid=true, Min=(X=0.000 Y=0.000 Z=690.000), Max=(X=0.000 Y=0.000 Z=690.000) RuntimeGrid:None EditorOnly:0 RuntimeOnly:0 HLODRelevant:0 FolderPath:Lighting FolderGuid:963EC3EB4002CCE9759E2EBA541A873A
 |   |   |- [+] [  9]
 |   |   |   |- Guid:3A00AA1C422CE54C0BDB60BAF471BFBB BaseClass: NativeClass:/Script/Engine.PlayerStart Name:PlayerStart_0 Label:PlayerStart SpatiallyLoaded:0 Bounds:IsValid=true, Min=(X=860.000 Y=1070.000 Z=20.013), Max=(X=940.000 Y=1150.000 Z=204.013) RuntimeGrid:None EditorOnly:0 RuntimeOnly:0 HLODRelevant:0
 |   |   |- [+] [ 10]
 |   |   |   |- Guid:67C890254F744A871621CE9529AD87AE BaseClass: NativeClass:/Script/Engine.StaticMeshActor Name:StaticMeshActor_UAID_0250EB6F628EC56E01_1302763991 Label:Level_design_amazon_asset_floor_grass SpatiallyLoaded:1 Bounds:IsValid=true, Min=(X=670.641 Y=920.192 Z=0.000), Max=(X=1084.457 Y=1342.264 Z=20.000) RuntimeGrid:None EditorOnly:0 RuntimeOnly:0 HLODRelevant:1
 |   |   |- [+] [ 11]
 |   |   |   |- Guid:C68CC14C495CFA96A42AED8D825F3150 BaseClass: NativeClass:/Script/Engine.StaticMeshActor Name:StaticMeshActor_UAID_0250EB6F628EC56E01_1302790992 Label:Level_design_amazon_Asset_floor_sand SpatiallyLoaded:1 Bounds:IsValid=true, Min=(X=1084.457 Y=920.192 Z=0.315), Max=(X=1177.485 Y=1342.264 Z=20.000) RuntimeGrid:None EditorOnly:0 RuntimeOnly:0 HLODRelevant:1
 |   |   |- [+] [ 12]
 |   |   |   |- Guid:BE2FC88F4C247A55589B27A85AA4D01E BaseClass: NativeClass:/Script/Engine.StaticMeshActor Name:StaticMeshActor_UAID_0250EB6F628EC56E01_1302812993 Label:Level_design_amazon_Asset_high_grass_001 SpatiallyLoaded:1 Bounds:IsValid=true, Min=(X=670.641 Y=1196.038 Z=20.000), Max=(X=753.919 Y=1342.264 Z=59.370) RuntimeGrid:None EditorOnly:0 RuntimeOnly:0 HLODRelevant:1
 |   |   |- [+] [ 13]
 |   |   |   |- Guid:58075C8F4E47775BEE298EBB8E0C5633 BaseClass: NativeClass:/Script/Engine.StaticMeshActor Name:StaticMeshActor_UAID_0250EB6F628EC56E01_1302834994 Label:Level_design_amazon_Asset_high_grass_002 SpatiallyLoaded:1 Bounds:IsValid=true, Min=(X=753.919 Y=1269.130 Z=20.000), Max=(X=825.530 Y=1342.264 Z=59.370) RuntimeGrid:None EditorOnly:0 RuntimeOnly:0 HLODRelevant:1
 |   |   |- [+] [ 14]
 |   |   |   |- Guid:04CB0EB04F81E153822AF4823572D8A8 BaseClass: NativeClass:/Script/Engine.StaticMeshActor Name:StaticMeshActor_UAID_0250EB6F628EC56E01_1302855995 Label:Level_design_amazon_Asset_high_grass_003 SpatiallyLoaded:1 Bounds:IsValid=true, Min=(X=825.530 Y=1300.918 Z=20.000), Max=(X=1084.457 Y=1342.264 Z=59.370) RuntimeGrid:None EditorOnly:0 RuntimeOnly:0 HLODRelevant:1
 |   |   |- [+] [ 15]
 |   |   |   |- Guid:43F59D544CCD208962880791D9A4C4CB BaseClass: NativeClass:/Script/Engine.StaticMeshActor Name:StaticMeshActor_UAID_0250EB6F628EC56E01_1302875996 Label:Level_design_amazon_Asset_high_grass_004 SpatiallyLoaded:1 Bounds:IsValid=true, Min=(X=926.757 Y=1244.961 Z=20.000), Max=(X=1084.457 Y=1300.918 Z=59.370) RuntimeGrid:None EditorOnly:0 RuntimeOnly:0 HLODRelevant:1
 |   |   |- [+] [ 16]
 |   |   |   |- Guid:311CD5BB483F58A7C00F27BD886F05EC BaseClass: NativeClass:/Script/Engine.StaticMeshActor Name:StaticMeshActor_UAID_0250EB6F628EC56E01_1302898997 Label:Level_design_amazon_Asset_high_grass_005 SpatiallyLoaded:1 Bounds:IsValid=true, Min=(X=670.641 Y=920.192 Z=20.000), Max=(X=753.919 Y=1117.264 Z=59.370) RuntimeGrid:None EditorOnly:0 RuntimeOnly:0 HLODRelevant:1
 |   |   |- [+] [ 17]
 |   |   |   |- Guid:900252524D46E2CCC8BBBB915DC6ACDE BaseClass: NativeClass:/Script/Engine.StaticMeshActor Name:StaticMeshActor_UAID_0250EB6F628EC56E01_1302918998 Label:Level_design_amazon_Asset_high_grass_006 SpatiallyLoaded:1 Bounds:IsValid=true, Min=(X=753.919 Y=920.192 Z=20.000), Max=(X=914.037 Y=993.235 Z=59.370) RuntimeGrid:None EditorOnly:0 RuntimeOnly:0 HLODRelevant:1
 |   |   |- [+] [ 18]
 |   |   |   |- Guid:C423A8994161AF00FFBD3B9B7D4EBB30 BaseClass: NativeClass:/Script/Engine.StaticMeshActor Name:StaticMeshActor_UAID_0250EB6F628EC56E01_1302938999 Label:Level_design_amazon_Asset_high_grass_007 SpatiallyLoaded:1 Bounds:IsValid=true, Min=(X=914.175 Y=920.192 Z=20.000), Max=(X=1084.457 Y=951.883 Z=59.370) RuntimeGrid:None EditorOnly:0 RuntimeOnly:0 HLODRelevant:1
 |   |   |- [+] [ 19]
 |   |   |   |- Guid:6F3FA03146058679FD78E78AFBC60BCF BaseClass: NativeClass:/Script/Engine.StaticMeshActor Name:StaticMeshActor_UAID_0250EB6F628EC56E01_1302961000 Label:Level_design_amazon_Asset_high_grass_008 SpatiallyLoaded:1 Bounds:IsValid=true, Min=(X=1020.328 Y=951.883 Z=20.000), Max=(X=1084.457 Y=992.518 Z=59.370) RuntimeGrid:None EditorOnly:0 RuntimeOnly:0 HLODRelevant:1
 |   |   |- [+] [ 20]
 |   |   |   |- Guid:97B9C839462AEF8C25906E8111901D24 BaseClass: NativeClass:/Script/Engine.StaticMeshActor Name:StaticMeshActor_UAID_0250EB6F628EC56E01_1302984001 Label:Level_design_amazon_Asset_river_001 SpatiallyLoaded:1 Bounds:IsValid=true, Min=(X=1177.485 Y=920.192 Z=0.315), Max=(X=1288.346 Y=1342.264 Z=20.000) RuntimeGrid:None EditorOnly:0 RuntimeOnly:0 HLODRelevant:1
 |   |   |- [+] [ 21]
 |   |   |   |- Guid:766B942F4A7D2D1180881C8AACCA527F BaseClass: NativeClass:/Script/Engine.StaticMeshActor Name:StaticMeshActor_UAID_0250EB6F628EC56E01_1303006002 Label:Level_design_amazon_Asset_short_grass_001 SpatiallyLoaded:1 Bounds:IsValid=true, Min=(X=807.904 Y=1106.770 Z=20.000), Max=(X=866.959 Y=1165.825 Z=40.000) RuntimeGrid:None EditorOnly:0 RuntimeOnly:0 HLODRelevant:1
 |   |   |- [+] [ 22]
 |   |   |   |- Guid:5844839E4F96371218D27DA390F1C119 BaseClass: NativeClass:/Script/Engine.StaticMeshActor Name:StaticMeshActor_UAID_0250EB6F628EC56E01_1303028003 Label:Level_design_amazon_Asset_short_grass_002 SpatiallyLoaded:1 Bounds:IsValid=true, Min=(X=944.732 Y=1121.282 Z=20.000), Max=(X=1003.787 Y=1180.337 Z=40.000) RuntimeGrid:None EditorOnly:0 RuntimeOnly:0 HLODRelevant:1
 |   |   |- [+] [ 23]
 |   |   |   |- Guid:BF6BF2E2480352D521675898F293D922 BaseClass: NativeClass:/Script/Engine.StaticMeshActor Name:StaticMeshActor_UAID_0250EB6F628EC56E01_1303051004 Label:Level_design_amazon_Asset_short_grass_003 SpatiallyLoaded:1 Bounds:IsValid=true, Min=(X=903.261 Y=1015.868 Z=20.000), Max=(X=962.316 Y=1074.924 Z=40.000) RuntimeGrid:None EditorOnly:0 RuntimeOnly:0 HLODRelevant:1
 |   |   |- [+] [ 24]
 |   |   |   |- Guid:6C2D8D2141B6AE7102626BA763047EA8 BaseClass: NativeClass:/Script/Engine.StaticMeshActor Name:StaticMeshActor_UAID_0250EB6F628EC56E01_1303074005 Label:Level_design_amazon_Banana_spawn_001 SpatiallyLoaded:1 Bounds:IsValid=true, Min=(X=1123.880 Y=968.263 Z=20.000), Max=(X=1143.565 Y=987.948 Z=39.685) RuntimeGrid:None EditorOnly:0 RuntimeOnly:0 HLODRelevant:1
 |   |   |- [+] [ 25]
 |   |   |   |- Guid:F115456846579E56789BF4BEC4594529 BaseClass: NativeClass:/Script/Engine.StaticMeshActor Name:StaticMeshActor_UAID_0250EB6F628EC56E01_1303097006 Label:Level_design_amazon_Banana_spawn_002 SpatiallyLoaded:1 Bounds:IsValid=true, Min=(X=1123.880 Y=1295.209 Z=20.000), Max=(X=1143.565 Y=1314.894 Z=39.685) RuntimeGrid:None EditorOnly:0 RuntimeOnly:0 HLODRelevant:1
 |   |   |- [+] [ 26]
 |   |   |   |- Guid:078C05624CE62303CA34AFAF77CF8879 BaseClass: NativeClass:/Script/Engine.StaticMeshActor Name:StaticMeshActor_UAID_0250EB6F628EC56E01_1303120007 Label:Level_design_amazon_Butterfly_spawn_001 SpatiallyLoaded:1 Bounds:IsValid=true, Min=(X=776.339 Y=1079.185 Z=20.000), Max=(X=796.024 Y=1098.870 Z=39.685) RuntimeGrid:None EditorOnly:0 RuntimeOnly:0 HLODRelevant:1
 |   |   |- [+] [ 27]
 |   |   |   |- Guid:1779614949CEF6278C1AF696E22F02E4 BaseClass: NativeClass:/Script/Engine.StaticMeshActor Name:StaticMeshActor_UAID_0250EB6F628EC56E01_1303144008 Label:Level_design_amazon_Butterfly_spawn_002 SpatiallyLoaded:1 Bounds:IsValid=true, Min=(X=1046.025 Y=1128.379 Z=20.000), Max=(X=1065.710 Y=1148.064 Z=39.685) RuntimeGrid:None EditorOnly:0 RuntimeOnly:0 HLODRelevant:1
 |   |   |- [+] [ 28]
 |   |   |   |- Guid:DFF3F27144B7B41383AB3CAE15EF4D68 BaseClass: NativeClass:/Script/Engine.StaticMeshActor Name:StaticMeshActor_UAID_0250EB6F628EC56E01_1303167009 Label:Level_design_amazon_Character_Player SpatiallyLoaded:1 Bounds:IsValid=true, Min=(X=705.904 Y=1147.471 Z=20.000), Max=(X=721.652 Y=1163.219 Z=79.055) RuntimeGrid:None EditorOnly:0 RuntimeOnly:0 HLODRelevant:1
 |   |   |- [+] [ 29]
 |   |   |   |- Guid:488A281B4D0CC0130BD01AA61F080E58 BaseClass: NativeClass:/Script/Engine.StaticMeshActor Name:StaticMeshActor_UAID_0250EB6F628EC56E01_1303190010 Label:Level_design_amazon_Enemy_crocodile_spawn_001 SpatiallyLoaded:1 Bounds:IsValid=true, Min=(X=1229.448 Y=1114.232 Z=8.303), Max=(X=1249.133 Y=1133.917 Z=27.988) RuntimeGrid:None EditorOnly:0 RuntimeOnly:0 HLODRelevant:1
 |   |   |- [+] [ 30]
 |   |   |   |- Guid:8C91D40B4948433311041FAAB3E127D6 BaseClass: NativeClass:/Script/Engine.StaticMeshActor Name:StaticMeshActor_UAID_0250EB6F628EC56E01_1303212011 Label:Level_design_amazon_Enemy_snake_001 SpatiallyLoaded:1 Bounds:IsValid=true, Min=(X=827.589 Y=1125.555 Z=20.000), Max=(X=847.274 Y=1145.240 Z=51.496) RuntimeGrid:None EditorOnly:0 RuntimeOnly:0 HLODRelevant:1
 |- ContainerInstances:
 |- [+] MainContainer:
 |   |-        ID: 0x0000000000000000
 |   |-    Bounds: IsValid=false, Min=(X=0.000 Y=0.000 Z=0.000), Max=(X=0.000 Y=0.000 Z=0.000)
 |   |- Transform: 0.000000,0.000000,0.000000|0.000000,0.000000,-0.000000|1.000000,1.000000,1.000000
 |   |- Container: /Game/ThirdPerson/Maps/ThirdPersonMap
----------------------------------------------------------------------------------------------------------------
ThirdPersonMap - Persistent Level
----------------------------------------------------------------------------------------------------------------
Always loaded Actor Count: 130 

----------------------------------------------------------------------------------------------------------------
ThirdPersonMap - Runtime Spatial Hash - Streaming Grid - MainGrid
----------------------------------------------------------------------------------------------------------------
            Origin: X=0.000 Y=0.000 Z=0.000
         Cell Size: 12800
      World Bounds: IsValid=false, Min=(X=0.000 Y=0.000 Z=0.000), Max=(X=0.000 Y=0.000 Z=0.000)
     Loading Range: 25600.00
Block Slow Loading: No
 ClientOnlyVisible: No

[+] Grid Levels: 1
 |- Level  0: Cell Count    0 | Cell Size   12800 | Actor Count    0 (0.0%)

[+] Content of Grid Level 0

