[+] Containers:
 |- [+] Container: /Game/ThirdPerson/Maps/ThirdPersonMap
 |   |- [+] ActorDescs:
 |   |   |- Guid:0ACB774045B40E7E179A23BD470AFA21 BaseClass: NativeClass:/Script/Engine.StaticMeshActor Name:StaticMeshActor_UAID_0250EB6F628EC56E01_1871766064 Label:Level_design_amazon_Asset_high_grass_007 SpatiallyLoaded:1 Bounds:IsValid=true, Min=(X=-491.795 Y=-1128.512 Z=-10.000), Max=(X=-59.280 Y=-1048.016 Z=90.000) RuntimeGrid:None EditorOnly:0 RuntimeOnly:0 HLODRelevant:1
 |   |   |- Guid:1AC4DD9C4888AAFBA3018581DF953F25 BaseClass: NativeClass:/Script/Engine.StaticMeshActor Name:StaticMeshActor_UAID_0250EB6F628EC56E01_1871623057 Label:Level_design_amazon_Asset_floor_sand SpatiallyLoaded:1 Bounds:IsValid=true, Min=(X=-59.280 Y=-1128.512 Z=-60.000), Max=(X=177.013 Y=-56.449 Z=-10.000) RuntimeGrid:None EditorOnly:0 RuntimeOnly:0 HLODRelevant:1
 |   |   |- Guid:2FB58999456391D349DC0F86DAC136ED BaseClass: NativeClass:/Script/Engine.SkyLight Name:SkyLight_1 Label:SkyLight SpatiallyLoaded:0 Bounds:IsValid=true, Min=(X=0.000 Y=0.000 Z=690.000), Max=(X=0.000 Y=0.000 Z=690.000) RuntimeGrid:None EditorOnly:0 RuntimeOnly:0 HLODRelevant:0 FolderPath:Lighting FolderGuid:963EC3EB4002CCE9759E2EBA541A873A
 |   |   |- Guid:316CF2A6494ACA4C0E4180A87D36AB8F BaseClass: NativeClass:/Script/Engine.ExponentialHeightFog Name:ExponentialHeightFog_0 Label:ExponentialHeightFog SpatiallyLoaded:0 Bounds:IsValid=true, Min=(X=-5600.000 Y=-50.000 Z=-6850.000), Max=(X=-5600.000 Y=-50.000 Z=-6850.000) RuntimeGrid:None EditorOnly:0 RuntimeOnly:0 HLODRelevant:0 FolderPath:Lighting FolderGuid:963EC3EB4002CCE9759E2EBA541A873A
 |   |   |- Guid:3A00AA1C422CE54C0BDB60BAF471BFBB BaseClass: NativeClass:/Script/Engine.PlayerStart Name:PlayerStart_0 Label:PlayerStart SpatiallyLoaded:0 Bounds:IsValid=true, Min=(X=-1100.000 Y=-560.000 Z=0.013), Max=(X=-1020.000 Y=-480.000 Z=184.013) RuntimeGrid:None EditorOnly:0 RuntimeOnly:0 HLODRelevant:0
 |   |   |- Guid:3D6208CB4A8DED34CA198AAFEBC15C44 BaseClass: NativeClass:/Script/Engine.StaticMeshActor Name:StaticMeshActor_UAID_0250EB6F628EC56E01_1871915071 Label:Level_design_amazon_Banana_spawn_002 SpatiallyLoaded:1 Bounds:IsValid=true, Min=(X=40.854 Y=-175.969 Z=-10.000), Max=(X=90.854 Y=-125.969 Z=40.000) RuntimeGrid:None EditorOnly:0 RuntimeOnly:0 HLODRelevant:1
 |   |   |- Guid:3DFEBC294F5EE2DBBC1AA1889B63BD74 BaseClass: NativeClass:/Script/Engine.StaticMeshActor Name:StaticMeshActor_UAID_0250EB6F628EC56E01_1871643058 Label:Level_design_amazon_Asset_high_grass_001 SpatiallyLoaded:1 Bounds:IsValid=true, Min=(X=-1110.371 Y=-427.863 Z=-10.000), Max=(X=-898.846 Y=-56.449 Z=90.000) RuntimeGrid:None EditorOnly:0 RuntimeOnly:0 HLODRelevant:1
 |   |   |- Guid:4A3C424349523D83087356AD70332084 BaseClass: NativeClass:/Script/Engine.StaticMeshActor Name:StaticMeshActor_UAID_0250EB6F628EC56E01_1871832067 Label:Level_design_amazon_Asset_short_grass_001 SpatiallyLoaded:1 Bounds:IsValid=true, Min=(X=-761.723 Y=-654.605 Z=-10.000), Max=(X=-611.723 Y=-504.605 Z=40.800) RuntimeGrid:None EditorOnly:0 RuntimeOnly:0 HLODRelevant:1
 |   |   |- Guid:4D3BE93F4146AAAC8BBE79999D96D57F BaseClass: NativeClass:/Script/Engine.VolumetricCloud Name:VolumetricCloud_0 Label:VolumetricCloud SpatiallyLoaded:0 Bounds:IsValid=true, Min=(X=0.000 Y=0.000 Z=820.000), Max=(X=0.000 Y=0.000 Z=820.000) RuntimeGrid:None EditorOnly:0 RuntimeOnly:0 HLODRelevant:0 FolderPath:Lighting FolderGuid:963EC3EB4002CCE9759E2EBA541A873A
 |   |   |- Guid:50E6218A46DB17EB49A1CE94758716C9 BaseClass: NativeClass:/Script/Engine.StaticMeshActor Name:StaticMeshActor_UAID_0250EB6F628EC56E01_1871787065 Label:Level_design_amazon_Asset_high_grass_008 SpatiallyLoaded:1 Bounds:IsValid=true, Min=(X=-222.167 Y=-1048.016 Z=-10.000), Max=(X=-59.280 Y=-944.805 Z=90.000) RuntimeGrid:None EditorOnly:0 RuntimeOnly:0 HLODRelevant:1
 |   |   |- Guid:5B97F4A64FB21F77EFC44386BF705B4C BaseClass: NativeClass:/Script/Engine.TextRenderActor Name:TextRenderActor_1 Label:TextRenderActor SpatiallyLoaded:1 Bounds:IsValid=true, Min=(X=-0.100 Y=1100.000 Z=65.013), Max=(X=-0.100 Y=2392.308 Z=215.013) RuntimeGrid:None EditorOnly:0 RuntimeOnly:0 HLODRelevant:0
 |   |   |- Guid:60252B1A40BDAD76F8E28BBBEFB20C29 BaseClass: NativeClass:/Script/Engine.StaticMeshActor Name:StaticMeshActor_UAID_0250EB6F628EC56E01_1871598056 Label:Level_design_amazon_asset_floor_grass SpatiallyLoaded:1 Bounds:IsValid=true, Min=(X=-1110.371 Y=-1128.512 Z=-60.800), Max=(X=-59.280 Y=-56.449 Z=-10.000) RuntimeGrid:None EditorOnly:0 RuntimeOnly:0 HLODRelevant:1
 |   |   |- Guid:67F097C44076A9CD00A9419C9057BB8F BaseClass: NativeClass:/Script/Engine.StaticMeshActor Name:StaticMeshActor_UAID_0250EB6F628EC56E01_1871873069 Label:Level_design_amazon_Asset_short_grass_003 SpatiallyLoaded:1 Bounds:IsValid=true, Min=(X=-519.518 Y=-885.494 Z=-10.000), Max=(X=-369.518 Y=-735.494 Z=40.800) RuntimeGrid:None EditorOnly:0 RuntimeOnly:0 HLODRelevant:1
 |   |   |- Guid:6BAF4DDD444C60371492D3919DB42C97 BaseClass: NativeClass:/Script/Engine.WorldDataLayers Name:WorldDataLayers Label:WorldDataLayers SpatiallyLoaded:0 Bounds:IsValid=true, Min=(X=0.000 Y=0.000 Z=0.000), Max=(X=0.000 Y=0.000 Z=0.000) RuntimeGrid:None EditorOnly:0 RuntimeOnly:0 HLODRelevant:0
 |   |   |- Guid:8376CCBC4E49E4704B4B378D004B7689 BaseClass: NativeClass:/Script/Engine.StaticMeshActor Name:StaticMeshActor_UAID_0250EB6F628EC56E01_1871895070 Label:Level_design_amazon_Banana_spawn_001 SpatiallyLoaded:1 Bounds:IsValid=true, Min=(X=40.854 Y=-1006.411 Z=-10.000), Max=(X=90.854 Y=-956.411 Z=40.000) RuntimeGrid:None EditorOnly:0 RuntimeOnly:0 HLODRelevant:1
 |   |   |- Guid:8502DECD41C7CEF0C80B53B6C9D188E2 BaseClass: NativeClass:/Script/Engine.StaticMeshActor Name:StaticMeshActor_UAID_0250EB6F628EC56E01_1872018076 Label:Level_design_amazon_Enemy_snake_001 SpatiallyLoaded:1 Bounds:IsValid=true, Min=(X=-711.723 Y=-606.890 Z=-10.000), Max=(X=-661.723 Y=-556.890 Z=70.000) RuntimeGrid:None EditorOnly:0 RuntimeOnly:0 HLODRelevant:1
 |   |   |- Guid:8D754D1B486EE76AF417B7B0FBFBB79B BaseClass: NativeClass:/Script/Engine.StaticMeshActor Name:StaticMeshActor_UAID_0250EB6F628EC56E01_1871746063 Label:Level_design_amazon_Asset_high_grass_006 SpatiallyLoaded:1 Bounds:IsValid=true, Min=(X=-898.846 Y=-1128.512 Z=-10.000), Max=(X=-492.145 Y=-942.984 Z=90.000) RuntimeGrid:None EditorOnly:0 RuntimeOnly:0 HLODRelevant:1
 |   |   |- Guid:9307FDF4463B4A6793790A8C736F9D90 BaseClass: NativeClass:/Script/Engine.StaticMeshActor Name:StaticMeshActor_UAID_0250EB6F628EC56E01_1871936072 Label:Level_design_amazon_Butterfly_spawn_001 SpatiallyLoaded:1 Bounds:IsValid=true, Min=(X=-841.900 Y=-724.671 Z=-10.000), Max=(X=-791.900 Y=-674.671 Z=40.000) RuntimeGrid:None EditorOnly:0 RuntimeOnly:0 HLODRelevant:1
 |   |   |- Guid:A2C6EAC1444BEB27882A4A8E968AD5D9 BaseClass: NativeClass:/Script/Engine.StaticMeshActor Name:StaticMeshActor_UAID_0250EB6F628EC56E01_1871685060 Label:Level_design_amazon_Asset_high_grass_003 SpatiallyLoaded:1 Bounds:IsValid=true, Min=(X=-716.955 Y=-161.468 Z=-10.000), Max=(X=-59.280 Y=-56.449 Z=90.000) RuntimeGrid:None EditorOnly:0 RuntimeOnly:0 HLODRelevant:1
 |   |   |- Guid:B415FB15497EFACA1E5F7DA0209A2757 BaseClass: NativeClass:/Script/Engine.StaticMeshActor Name:StaticMeshActor_UAID_0250EB6F628EC56E01_1871706061 Label:Level_design_amazon_Asset_high_grass_004 SpatiallyLoaded:1 Bounds:IsValid=true, Min=(X=-459.837 Y=-303.598 Z=-10.000), Max=(X=-59.280 Y=-161.468 Z=90.000) RuntimeGrid:None EditorOnly:0 RuntimeOnly:0 HLODRelevant:1
 |   |   |- Guid:B785ED2844B84CFB91E7F39FE661CD99 BaseClass: NativeClass:/Script/Engine.DirectionalLight Name:DirectionalLight_0 Label:DirectionalLight SpatiallyLoaded:0 Bounds:IsValid=true, Min=(X=-1048576.000 Y=-1048576.000 Z=-1048576.000), Max=(X=1048576.000 Y=1048576.000 Z=1048576.000) RuntimeGrid:None EditorOnly:0 RuntimeOnly:0 HLODRelevant:0 FolderPath:Lighting FolderGuid:963EC3EB4002CCE9759E2EBA541A873A
 |   |   |- Guid:C6AA011C46D00219D16EBCA912E903C1 BaseClass: NativeClass:/Script/Engine.StaticMeshActor Name:StaticMeshActor_UAID_0250EB6F628EC56E01_1871852068 Label:Level_design_amazon_Asset_short_grass_002 SpatiallyLoaded:1 Bounds:IsValid=true, Min=(X=-414.182 Y=-617.744 Z=-10.000), Max=(X=-264.182 Y=-467.744 Z=40.800) RuntimeGrid:None EditorOnly:0 RuntimeOnly:0 HLODRelevant:1
 |   |   |- Guid:CCE8AB7E428568D563C686BD145A9BC0 BaseClass: NativeClass:/Script/Engine.StaticMeshActor Name:StaticMeshActor_UAID_0250EB6F628EC56E01_1871998075 Label:Level_design_amazon_Enemy_crocodile_spawn_001 SpatiallyLoaded:1 Bounds:IsValid=true, Min=(X=308.998 Y=-635.652 Z=-39.709), Max=(X=358.998 Y=-585.652 Z=10.291) RuntimeGrid:None EditorOnly:0 RuntimeOnly:0 HLODRelevant:1
 |   |   |- Guid:CCFF262C46EEFFDF319E7F9539CE697E BaseClass: NativeClass:/Script/Engine.SkyAtmosphere Name:SkyAtmosphere_0 Label:SkyAtmosphere SpatiallyLoaded:0 Bounds:IsValid=true, Min=(X=0.000 Y=0.000 Z=1020.000), Max=(X=0.000 Y=0.000 Z=1020.000) RuntimeGrid:None EditorOnly:0 RuntimeOnly:0 HLODRelevant:0 FolderPath:Lighting FolderGuid:963EC3EB4002CCE9759E2EBA541A873A
 |   |   |- Guid:CD94CD4C484E9CDA0F17A7BEF4D85D89 BaseClass: NativeClass:/Script/Engine.StaticMeshActor Name:StaticMeshActor_UAID_0250EB6F628EC56E01_1871726062 Label:Level_design_amazon_Asset_high_grass_005 SpatiallyLoaded:1 Bounds:IsValid=true, Min=(X=-1110.371 Y=-1128.512 Z=-10.000), Max=(X=-898.846 Y=-627.950 Z=90.000) RuntimeGrid:None EditorOnly:0 RuntimeOnly:0 HLODRelevant:1
 |   |   |- Guid:DAACB73B4E2A3EB83CD9069DD4793D41 BaseClass: NativeClass:/Script/Engine.StaticMeshActor Name:StaticMeshActor_UAID_0250EB6F628EC56E01_1871808066 Label:Level_design_amazon_Asset_river_001 SpatiallyLoaded:1 Bounds:IsValid=true, Min=(X=177.013 Y=-1128.512 Z=-60.000), Max=(X=458.598 Y=-56.449 Z=-10.000) RuntimeGrid:None EditorOnly:0 RuntimeOnly:0 HLODRelevant:1
 |   |   |- Guid:DC61D3DA410B5AFF238A9F9C4D6C3CA7 BaseClass: NativeClass:/Script/Engine.StaticMeshActor Name:StaticMeshActor_UAID_0250EB6F628EC56E01_1871958073 Label:Level_design_amazon_Butterfly_spawn_002 SpatiallyLoaded:1 Bounds:IsValid=true, Min=(X=-156.896 Y=-599.717 Z=-10.000), Max=(X=-106.896 Y=-549.717 Z=40.000) RuntimeGrid:None EditorOnly:0 RuntimeOnly:0 HLODRelevant:1
 |   |   |- Guid:EA9BB57943608EED5C7B3B9019E4D0AA BaseClass: NativeClass:/Script/Engine.StaticMeshActor Name:StaticMeshActor_UAID_0250EB6F628EC56E01_1871665059 Label:Level_design_amazon_Asset_high_grass_002 SpatiallyLoaded:1 Bounds:IsValid=true, Min=(X=-898.846 Y=-242.209 Z=-10.000), Max=(X=-716.955 Y=-56.449 Z=90.000) RuntimeGrid:None EditorOnly:0 RuntimeOnly:0 HLODRelevant:1
 |   |   |- Guid:EC4E0C944CE6AC6E784BC6BB2916EA13 BaseClass: NativeClass:/Script/Engine.StaticMeshActor Name:StaticMeshActor_UAID_A4AE111137DC5EFB00_1110535423 Label:SM_SkySphere SpatiallyLoaded:0 Bounds:IsValid=true, Min=(X=-1638400.000 Y=-1638400.000 Z=-1638400.000), Max=(X=1638400.000 Y=1638400.000 Z=1638400.000) RuntimeGrid:None EditorOnly:0 RuntimeOnly:0 HLODRelevant:1 FolderPath:Lighting FolderGuid:963EC3EB4002CCE9759E2EBA541A873A
 |   |   |- Guid:F5E3FEB3450C49844FD93DA8E083C8AD BaseClass: NativeClass:/Script/Engine.PostProcessVolume Name:PostProcessVolume_0 Label:PostProcessVolume SpatiallyLoaded:0 Bounds:IsValid=true, Min=(X=0.000 Y=0.000 Z=400.000), Max=(X=200.000 Y=200.000 Z=600.000) RuntimeGrid:None EditorOnly:0 RuntimeOnly:0 HLODRelevant:0 FolderPath:Lighting FolderGuid:963EC3EB4002CCE9759E2EBA541A873A
 |   |- [+] Clusters:
 |   |   |- [+] [  0]
 |   |   |   |- Guid:6BAF4DDD444C60371492D3919DB42C97 BaseClass: NativeClass:/Script/Engine.WorldDataLayers Name:WorldDataLayers Label:WorldDataLayers SpatiallyLoaded:0 Bounds:IsValid=true, Min=(X=0.000 Y=0.000 Z=0.000), Max=(X=0.000 Y=0.000 Z=0.000) RuntimeGrid:None EditorOnly:0 RuntimeOnly:0 HLODRelevant:0
 |   |   |- [+] [  1]
 |   |   |   |- Guid:F5E3FEB3450C49844FD93DA8E083C8AD BaseClass: NativeClass:/Script/Engine.PostProcessVolume Name:PostProcessVolume_0 Label:PostProcessVolume SpatiallyLoaded:0 Bounds:IsValid=true, Min=(X=0.000 Y=0.000 Z=400.000), Max=(X=200.000 Y=200.000 Z=600.000) RuntimeGrid:None EditorOnly:0 RuntimeOnly:0 HLODRelevant:0 FolderPath:Lighting FolderGuid:963EC3EB4002CCE9759E2EBA541A873A
 |   |   |- [+] [  2]
 |   |   |   |- Guid:5B97F4A64FB21F77EFC44386BF705B4C BaseClass: NativeClass:/Script/Engine.TextRenderActor Name:TextRenderActor_1 Label:TextRenderActor SpatiallyLoaded:1 Bounds:IsValid=true, Min=(X=-0.100 Y=1100.000 Z=65.013), Max=(X=-0.100 Y=2392.308 Z=215.013) RuntimeGrid:None EditorOnly:0 RuntimeOnly:0 HLODRelevant:0
 |   |   |- [+] [  3]
 |   |   |   |- Guid:4D3BE93F4146AAAC8BBE79999D96D57F BaseClass: NativeClass:/Script/Engine.VolumetricCloud Name:VolumetricCloud_0 Label:VolumetricCloud SpatiallyLoaded:0 Bounds:IsValid=true, Min=(X=0.000 Y=0.000 Z=820.000), Max=(X=0.000 Y=0.000 Z=820.000) RuntimeGrid:None EditorOnly:0 RuntimeOnly:0 HLODRelevant:0 FolderPath:Lighting FolderGuid:963EC3EB4002CCE9759E2EBA541A873A
 |   |   |- [+] [  4]
 |   |   |   |- Guid:CCFF262C46EEFFDF319E7F9539CE697E BaseClass: NativeClass:/Script/Engine.SkyAtmosphere Name:SkyAtmosphere_0 Label:SkyAtmosphere SpatiallyLoaded:0 Bounds:IsValid=true, Min=(X=0.000 Y=0.000 Z=1020.000), Max=(X=0.000 Y=0.000 Z=1020.000) RuntimeGrid:None EditorOnly:0 RuntimeOnly:0 HLODRelevant:0 FolderPath:Lighting FolderGuid:963EC3EB4002CCE9759E2EBA541A873A
 |   |   |- [+] [  5]
 |   |   |   |- Guid:EC4E0C944CE6AC6E784BC6BB2916EA13 BaseClass: NativeClass:/Script/Engine.StaticMeshActor Name:StaticMeshActor_UAID_A4AE111137DC5EFB00_1110535423 Label:SM_SkySphere SpatiallyLoaded:0 Bounds:IsValid=true, Min=(X=-1638400.000 Y=-1638400.000 Z=-1638400.000), Max=(X=1638400.000 Y=1638400.000 Z=1638400.000) RuntimeGrid:None EditorOnly:0 RuntimeOnly:0 HLODRelevant:1 FolderPath:Lighting FolderGuid:963EC3EB4002CCE9759E2EBA541A873A
 |   |   |- [+] [  6]
 |   |   |   |- Guid:B785ED2844B84CFB91E7F39FE661CD99 BaseClass: NativeClass:/Script/Engine.DirectionalLight Name:DirectionalLight_0 Label:DirectionalLight SpatiallyLoaded:0 Bounds:IsValid=true, Min=(X=-1048576.000 Y=-1048576.000 Z=-1048576.000), Max=(X=1048576.000 Y=1048576.000 Z=1048576.000) RuntimeGrid:None EditorOnly:0 RuntimeOnly:0 HLODRelevant:0 FolderPath:Lighting FolderGuid:963EC3EB4002CCE9759E2EBA541A873A
 |   |   |- [+] [  7]
 |   |   |   |- Guid:316CF2A6494ACA4C0E4180A87D36AB8F BaseClass: NativeClass:/Script/Engine.ExponentialHeightFog Name:ExponentialHeightFog_0 Label:ExponentialHeightFog SpatiallyLoaded:0 Bounds:IsValid=true, Min=(X=-5600.000 Y=-50.000 Z=-6850.000), Max=(X=-5600.000 Y=-50.000 Z=-6850.000) RuntimeGrid:None EditorOnly:0 RuntimeOnly:0 HLODRelevant:0 FolderPath:Lighting FolderGuid:963EC3EB4002CCE9759E2EBA541A873A
 |   |   |- [+] [  8]
 |   |   |   |- Guid:2FB58999456391D349DC0F86DAC136ED BaseClass: NativeClass:/Script/Engine.SkyLight Name:SkyLight_1 Label:SkyLight SpatiallyLoaded:0 Bounds:IsValid=true, Min=(X=0.000 Y=0.000 Z=690.000), Max=(X=0.000 Y=0.000 Z=690.000) RuntimeGrid:None EditorOnly:0 RuntimeOnly:0 HLODRelevant:0 FolderPath:Lighting FolderGuid:963EC3EB4002CCE9759E2EBA541A873A
 |   |   |- [+] [  9]
 |   |   |   |- Guid:3A00AA1C422CE54C0BDB60BAF471BFBB BaseClass: NativeClass:/Script/Engine.PlayerStart Name:PlayerStart_0 Label:PlayerStart SpatiallyLoaded:0 Bounds:IsValid=true, Min=(X=-1100.000 Y=-560.000 Z=0.013), Max=(X=-1020.000 Y=-480.000 Z=184.013) RuntimeGrid:None EditorOnly:0 RuntimeOnly:0 HLODRelevant:0
 |   |   |- [+] [ 10]
 |   |   |   |- Guid:60252B1A40BDAD76F8E28BBBEFB20C29 BaseClass: NativeClass:/Script/Engine.StaticMeshActor Name:StaticMeshActor_UAID_0250EB6F628EC56E01_1871598056 Label:Level_design_amazon_asset_floor_grass SpatiallyLoaded:1 Bounds:IsValid=true, Min=(X=-1110.371 Y=-1128.512 Z=-60.800), Max=(X=-59.280 Y=-56.449 Z=-10.000) RuntimeGrid:None EditorOnly:0 RuntimeOnly:0 HLODRelevant:1
 |   |   |- [+] [ 11]
 |   |   |   |- Guid:1AC4DD9C4888AAFBA3018581DF953F25 BaseClass: NativeClass:/Script/Engine.StaticMeshActor Name:StaticMeshActor_UAID_0250EB6F628EC56E01_1871623057 Label:Level_design_amazon_Asset_floor_sand SpatiallyLoaded:1 Bounds:IsValid=true, Min=(X=-59.280 Y=-1128.512 Z=-60.000), Max=(X=177.013 Y=-56.449 Z=-10.000) RuntimeGrid:None EditorOnly:0 RuntimeOnly:0 HLODRelevant:1
 |   |   |- [+] [ 12]
 |   |   |   |- Guid:3DFEBC294F5EE2DBBC1AA1889B63BD74 BaseClass: NativeClass:/Script/Engine.StaticMeshActor Name:StaticMeshActor_UAID_0250EB6F628EC56E01_1871643058 Label:Level_design_amazon_Asset_high_grass_001 SpatiallyLoaded:1 Bounds:IsValid=true, Min=(X=-1110.371 Y=-427.863 Z=-10.000), Max=(X=-898.846 Y=-56.449 Z=90.000) RuntimeGrid:None EditorOnly:0 RuntimeOnly:0 HLODRelevant:1
 |   |   |- [+] [ 13]
 |   |   |   |- Guid:EA9BB57943608EED5C7B3B9019E4D0AA BaseClass: NativeClass:/Script/Engine.StaticMeshActor Name:StaticMeshActor_UAID_0250EB6F628EC56E01_1871665059 Label:Level_design_amazon_Asset_high_grass_002 SpatiallyLoaded:1 Bounds:IsValid=true, Min=(X=-898.846 Y=-242.209 Z=-10.000), Max=(X=-716.955 Y=-56.449 Z=90.000) RuntimeGrid:None EditorOnly:0 RuntimeOnly:0 HLODRelevant:1
 |   |   |- [+] [ 14]
 |   |   |   |- Guid:A2C6EAC1444BEB27882A4A8E968AD5D9 BaseClass: NativeClass:/Script/Engine.StaticMeshActor Name:StaticMeshActor_UAID_0250EB6F628EC56E01_1871685060 Label:Level_design_amazon_Asset_high_grass_003 SpatiallyLoaded:1 Bounds:IsValid=true, Min=(X=-716.955 Y=-161.468 Z=-10.000), Max=(X=-59.280 Y=-56.449 Z=90.000) RuntimeGrid:None EditorOnly:0 RuntimeOnly:0 HLODRelevant:1
 |   |   |- [+] [ 15]
 |   |   |   |- Guid:B415FB15497EFACA1E5F7DA0209A2757 BaseClass: NativeClass:/Script/Engine.StaticMeshActor Name:StaticMeshActor_UAID_0250EB6F628EC56E01_1871706061 Label:Level_design_amazon_Asset_high_grass_004 SpatiallyLoaded:1 Bounds:IsValid=true, Min=(X=-459.837 Y=-303.598 Z=-10.000), Max=(X=-59.280 Y=-161.468 Z=90.000) RuntimeGrid:None EditorOnly:0 RuntimeOnly:0 HLODRelevant:1
 |   |   |- [+] [ 16]
 |   |   |   |- Guid:CD94CD4C484E9CDA0F17A7BEF4D85D89 BaseClass: NativeClass:/Script/Engine.StaticMeshActor Name:StaticMeshActor_UAID_0250EB6F628EC56E01_1871726062 Label:Level_design_amazon_Asset_high_grass_005 SpatiallyLoaded:1 Bounds:IsValid=true, Min=(X=-1110.371 Y=-1128.512 Z=-10.000), Max=(X=-898.846 Y=-627.950 Z=90.000) RuntimeGrid:None EditorOnly:0 RuntimeOnly:0 HLODRelevant:1
 |   |   |- [+] [ 17]
 |   |   |   |- Guid:8D754D1B486EE76AF417B7B0FBFBB79B BaseClass: NativeClass:/Script/Engine.StaticMeshActor Name:StaticMeshActor_UAID_0250EB6F628EC56E01_1871746063 Label:Level_design_amazon_Asset_high_grass_006 SpatiallyLoaded:1 Bounds:IsValid=true, Min=(X=-898.846 Y=-1128.512 Z=-10.000), Max=(X=-492.145 Y=-942.984 Z=90.000) RuntimeGrid:None EditorOnly:0 RuntimeOnly:0 HLODRelevant:1
 |   |   |- [+] [ 18]
 |   |   |   |- Guid:0ACB774045B40E7E179A23BD470AFA21 BaseClass: NativeClass:/Script/Engine.StaticMeshActor Name:StaticMeshActor_UAID_0250EB6F628EC56E01_1871766064 Label:Level_design_amazon_Asset_high_grass_007 SpatiallyLoaded:1 Bounds:IsValid=true, Min=(X=-491.795 Y=-1128.512 Z=-10.000), Max=(X=-59.280 Y=-1048.016 Z=90.000) RuntimeGrid:None EditorOnly:0 RuntimeOnly:0 HLODRelevant:1
 |   |   |- [+] [ 19]
 |   |   |   |- Guid:50E6218A46DB17EB49A1CE94758716C9 BaseClass: NativeClass:/Script/Engine.StaticMeshActor Name:StaticMeshActor_UAID_0250EB6F628EC56E01_1871787065 Label:Level_design_amazon_Asset_high_grass_008 SpatiallyLoaded:1 Bounds:IsValid=true, Min=(X=-222.167 Y=-1048.016 Z=-10.000), Max=(X=-59.280 Y=-944.805 Z=90.000) RuntimeGrid:None EditorOnly:0 RuntimeOnly:0 HLODRelevant:1
 |   |   |- [+] [ 20]
 |   |   |   |- Guid:DAACB73B4E2A3EB83CD9069DD4793D41 BaseClass: NativeClass:/Script/Engine.StaticMeshActor Name:StaticMeshActor_UAID_0250EB6F628EC56E01_1871808066 Label:Level_design_amazon_Asset_river_001 SpatiallyLoaded:1 Bounds:IsValid=true, Min=(X=177.013 Y=-1128.512 Z=-60.000), Max=(X=458.598 Y=-56.449 Z=-10.000) RuntimeGrid:None EditorOnly:0 RuntimeOnly:0 HLODRelevant:1
 |   |   |- [+] [ 21]
 |   |   |   |- Guid:4A3C424349523D83087356AD70332084 BaseClass: NativeClass:/Script/Engine.StaticMeshActor Name:StaticMeshActor_UAID_0250EB6F628EC56E01_1871832067 Label:Level_design_amazon_Asset_short_grass_001 SpatiallyLoaded:1 Bounds:IsValid=true, Min=(X=-761.723 Y=-654.605 Z=-10.000), Max=(X=-611.723 Y=-504.605 Z=40.800) RuntimeGrid:None EditorOnly:0 RuntimeOnly:0 HLODRelevant:1
 |   |   |- [+] [ 22]
 |   |   |   |- Guid:C6AA011C46D00219D16EBCA912E903C1 BaseClass: NativeClass:/Script/Engine.StaticMeshActor Name:StaticMeshActor_UAID_0250EB6F628EC56E01_1871852068 Label:Level_design_amazon_Asset_short_grass_002 SpatiallyLoaded:1 Bounds:IsValid=true, Min=(X=-414.182 Y=-617.744 Z=-10.000), Max=(X=-264.182 Y=-467.744 Z=40.800) RuntimeGrid:None EditorOnly:0 RuntimeOnly:0 HLODRelevant:1
 |   |   |- [+] [ 23]
 |   |   |   |- Guid:67F097C44076A9CD00A9419C9057BB8F BaseClass: NativeClass:/Script/Engine.StaticMeshActor Name:StaticMeshActor_UAID_0250EB6F628EC56E01_1871873069 Label:Level_design_amazon_Asset_short_grass_003 SpatiallyLoaded:1 Bounds:IsValid=true, Min=(X=-519.518 Y=-885.494 Z=-10.000), Max=(X=-369.518 Y=-735.494 Z=40.800) RuntimeGrid:None EditorOnly:0 RuntimeOnly:0 HLODRelevant:1
 |   |   |- [+] [ 24]
 |   |   |   |- Guid:8376CCBC4E49E4704B4B378D004B7689 BaseClass: NativeClass:/Script/Engine.StaticMeshActor Name:StaticMeshActor_UAID_0250EB6F628EC56E01_1871895070 Label:Level_design_amazon_Banana_spawn_001 SpatiallyLoaded:1 Bounds:IsValid=true, Min=(X=40.854 Y=-1006.411 Z=-10.000), Max=(X=90.854 Y=-956.411 Z=40.000) RuntimeGrid:None EditorOnly:0 RuntimeOnly:0 HLODRelevant:1
 |   |   |- [+] [ 25]
 |   |   |   |- Guid:3D6208CB4A8DED34CA198AAFEBC15C44 BaseClass: NativeClass:/Script/Engine.StaticMeshActor Name:StaticMeshActor_UAID_0250EB6F628EC56E01_1871915071 Label:Level_design_amazon_Banana_spawn_002 SpatiallyLoaded:1 Bounds:IsValid=true, Min=(X=40.854 Y=-175.969 Z=-10.000), Max=(X=90.854 Y=-125.969 Z=40.000) RuntimeGrid:None EditorOnly:0 RuntimeOnly:0 HLODRelevant:1
 |   |   |- [+] [ 26]
 |   |   |   |- Guid:9307FDF4463B4A6793790A8C736F9D90 BaseClass: NativeClass:/Script/Engine.StaticMeshActor Name:StaticMeshActor_UAID_0250EB6F628EC56E01_1871936072 Label:Level_design_amazon_Butterfly_spawn_001 SpatiallyLoaded:1 Bounds:IsValid=true, Min=(X=-841.900 Y=-724.671 Z=-10.000), Max=(X=-791.900 Y=-674.671 Z=40.000) RuntimeGrid:None EditorOnly:0 RuntimeOnly:0 HLODRelevant:1
 |   |   |- [+] [ 27]
 |   |   |   |- Guid:DC61D3DA410B5AFF238A9F9C4D6C3CA7 BaseClass: NativeClass:/Script/Engine.StaticMeshActor Name:StaticMeshActor_UAID_0250EB6F628EC56E01_1871958073 Label:Level_design_amazon_Butterfly_spawn_002 SpatiallyLoaded:1 Bounds:IsValid=true, Min=(X=-156.896 Y=-599.717 Z=-10.000), Max=(X=-106.896 Y=-549.717 Z=40.000) RuntimeGrid:None EditorOnly:0 RuntimeOnly:0 HLODRelevant:1
 |   |   |- [+] [ 28]
 |   |   |   |- Guid:CCE8AB7E428568D563C686BD145A9BC0 BaseClass: NativeClass:/Script/Engine.StaticMeshActor Name:StaticMeshActor_UAID_0250EB6F628EC56E01_1871998075 Label:Level_design_amazon_Enemy_crocodile_spawn_001 SpatiallyLoaded:1 Bounds:IsValid=true, Min=(X=308.998 Y=-635.652 Z=-39.709), Max=(X=358.998 Y=-585.652 Z=10.291) RuntimeGrid:None EditorOnly:0 RuntimeOnly:0 HLODRelevant:1
 |   |   |- [+] [ 29]
 |   |   |   |- Guid:8502DECD41C7CEF0C80B53B6C9D188E2 BaseClass: NativeClass:/Script/Engine.StaticMeshActor Name:StaticMeshActor_UAID_0250EB6F628EC56E01_1872018076 Label:Level_design_amazon_Enemy_snake_001 SpatiallyLoaded:1 Bounds:IsValid=true, Min=(X=-711.723 Y=-606.890 Z=-10.000), Max=(X=-661.723 Y=-556.890 Z=70.000) RuntimeGrid:None EditorOnly:0 RuntimeOnly:0 HLODRelevant:1
 |- ContainerInstances:
 |- [+] MainContainer:
 |   |-        ID: 0x0000000000000000
 |   |-    Bounds: IsValid=false, Min=(X=0.000 Y=0.000 Z=0.000), Max=(X=0.000 Y=0.000 Z=0.000)
 |   |- Transform: 0.000000,0.000000,0.000000|0.000000,0.000000,-0.000000|1.000000,1.000000,1.000000
 |   |- Container: /Game/ThirdPerson/Maps/ThirdPersonMap
----------------------------------------------------------------------------------------------------------------
ThirdPersonMap - Persistent Level
----------------------------------------------------------------------------------------------------------------
Always loaded Actor Count: 59 

----------------------------------------------------------------------------------------------------------------
ThirdPersonMap - Runtime Spatial Hash - Streaming Grid - MainGrid
----------------------------------------------------------------------------------------------------------------
            Origin: X=0.000 Y=0.000 Z=0.000
         Cell Size: 12800
      World Bounds: IsValid=false, Min=(X=0.000 Y=0.000 Z=0.000), Max=(X=0.000 Y=0.000 Z=0.000)
     Loading Range: 25600.00
Block Slow Loading: No
 ClientOnlyVisible: No

[+] Grid Levels: 1
 |- Level  0: Cell Count    0 | Cell Size   12800 | Actor Count    0 (0.0%)

[+] Content of Grid Level 0

