[+] Containers:
 |- [+] Container: /Game/ThirdPerson/Maps/ThirdPersonMap
 |   |- [+] ActorDescs:
 |   |   |- Guid:0E79CB2143F2B911A521B6B7200949E5 BaseClass: NativeClass:/Script/Engine.StaticMeshActor Name:StaticMeshActor_UAID_0250EB6F628EC56E01_1690467046 Label:Level_design_amazon_Asset_short_grass_002 SpatiallyLoaded:1 Bounds:IsValid=true, Min=(X=-64.182 Y=-377.744 Z=0.000), Max=(X=85.818 Y=-227.744 Z=50.800) RuntimeGrid:None EditorOnly:0 RuntimeOnly:0 HLODRelevant:1
 |   |   |- Guid:1C0F01C9434EB85CC20403ACC6AF13E9 BaseClass: NativeClass:/Script/Engine.StaticMeshActor Name:StaticMeshActor_UAID_0250EB6F628EC56E01_1690185034 Label:Level_design_amazon_asset_floor_grass SpatiallyLoaded:1 Bounds:IsValid=true, Min=(X=-760.371 Y=-888.512 Z=-50.800), Max=(X=290.720 Y=183.551 Z=0.000) RuntimeGrid:None EditorOnly:0 RuntimeOnly:0 HLODRelevant:1
 |   |   |- Guid:25A39BA14AA8AFEEF43CC082976EF9F5 BaseClass: NativeClass:/Script/Engine.StaticMeshActor Name:StaticMeshActor_UAID_0250EB6F628EC56E01_1690537049 Label:Level_design_amazon_Banana_spawn_002 SpatiallyLoaded:1 Bounds:IsValid=true, Min=(X=390.854 Y=64.031 Z=0.000), Max=(X=440.854 Y=114.031 Z=50.000) RuntimeGrid:None EditorOnly:0 RuntimeOnly:0 HLODRelevant:1
 |   |   |- Guid:2B9BBD4C4C8A15FC38DD549A025C566B BaseClass: NativeClass:/Script/Engine.StaticMeshActor Name:StaticMeshActor_UAID_0250EB6F628EC56E01_1690592051 Label:Level_design_amazon_Butterfly_spawn_002 SpatiallyLoaded:1 Bounds:IsValid=true, Min=(X=193.104 Y=-359.717 Z=0.000), Max=(X=243.104 Y=-309.717 Z=50.000) RuntimeGrid:None EditorOnly:0 RuntimeOnly:0 HLODRelevant:1
 |   |   |- Guid:2FB58999456391D349DC0F86DAC136ED BaseClass: NativeClass:/Script/Engine.SkyLight Name:SkyLight_1 Label:SkyLight SpatiallyLoaded:0 Bounds:IsValid=true, Min=(X=0.000 Y=0.000 Z=690.000), Max=(X=0.000 Y=0.000 Z=690.000) RuntimeGrid:None EditorOnly:0 RuntimeOnly:0 HLODRelevant:0 FolderPath:Lighting FolderGuid:963EC3EB4002CCE9759E2EBA541A873A
 |   |   |- Guid:316CF2A6494ACA4C0E4180A87D36AB8F BaseClass: NativeClass:/Script/Engine.ExponentialHeightFog Name:ExponentialHeightFog_0 Label:ExponentialHeightFog SpatiallyLoaded:0 Bounds:IsValid=true, Min=(X=-5600.000 Y=-50.000 Z=-6850.000), Max=(X=-5600.000 Y=-50.000 Z=-6850.000) RuntimeGrid:None EditorOnly:0 RuntimeOnly:0 HLODRelevant:0 FolderPath:Lighting FolderGuid:963EC3EB4002CCE9759E2EBA541A873A
 |   |   |- Guid:34EDECF841E83211C55C8FB85352D316 BaseClass: NativeClass:/Script/Engine.StaticMeshActor Name:StaticMeshActor_UAID_0250EB6F628EC56E01_1690213035 Label:Level_design_amazon_Asset_floor_sand SpatiallyLoaded:1 Bounds:IsValid=true, Min=(X=290.720 Y=-888.512 Z=-50.000), Max=(X=527.013 Y=183.551 Z=0.000) RuntimeGrid:None EditorOnly:0 RuntimeOnly:0 HLODRelevant:1
 |   |   |- Guid:3A00AA1C422CE54C0BDB60BAF471BFBB BaseClass: NativeClass:/Script/Engine.PlayerStart Name:PlayerStart_0 Label:PlayerStart SpatiallyLoaded:0 Bounds:IsValid=true, Min=(X=-610.000 Y=-320.000 Z=58.000), Max=(X=-530.000 Y=-240.000 Z=242.000) RuntimeGrid:None EditorOnly:0 RuntimeOnly:0 HLODRelevant:0
 |   |   |- Guid:4591784147C7F5EEEFC42380D5A3A332 BaseClass: NativeClass:/Script/Engine.StaticMeshActor Name:StaticMeshActor_UAID_0250EB6F628EC56E01_1690490047 Label:Level_design_amazon_Asset_short_grass_003 SpatiallyLoaded:1 Bounds:IsValid=true, Min=(X=-169.518 Y=-645.494 Z=0.000), Max=(X=-19.518 Y=-495.494 Z=50.800) RuntimeGrid:None EditorOnly:0 RuntimeOnly:0 HLODRelevant:1
 |   |   |- Guid:49E3EDD94D47C154EBE590ACCF3789E9 BaseClass: NativeClass:/Script/Engine.StaticMeshActor Name:StaticMeshActor_UAID_0250EB6F628EC56E01_1690235036 Label:Level_design_amazon_Asset_high_grass_001 SpatiallyLoaded:1 Bounds:IsValid=true, Min=(X=-760.371 Y=-187.863 Z=0.000), Max=(X=-548.846 Y=183.551 Z=100.000) RuntimeGrid:None EditorOnly:0 RuntimeOnly:0 HLODRelevant:1
 |   |   |- Guid:4D3BE93F4146AAAC8BBE79999D96D57F BaseClass: NativeClass:/Script/Engine.VolumetricCloud Name:VolumetricCloud_0 Label:VolumetricCloud SpatiallyLoaded:0 Bounds:IsValid=true, Min=(X=0.000 Y=0.000 Z=820.000), Max=(X=0.000 Y=0.000 Z=820.000) RuntimeGrid:None EditorOnly:0 RuntimeOnly:0 HLODRelevant:0 FolderPath:Lighting FolderGuid:963EC3EB4002CCE9759E2EBA541A873A
 |   |   |- Guid:5B97F4A64FB21F77EFC44386BF705B4C BaseClass: NativeClass:/Script/Engine.TextRenderActor Name:TextRenderActor_1 Label:TextRenderActor SpatiallyLoaded:1 Bounds:IsValid=true, Min=(X=-0.100 Y=1100.000 Z=65.013), Max=(X=-0.100 Y=2392.308 Z=215.013) RuntimeGrid:None EditorOnly:0 RuntimeOnly:0 HLODRelevant:0
 |   |   |- Guid:5E1D8F994E319AA17B84A48B99D361BF BaseClass: NativeClass:/Script/Engine.StaticMeshActor Name:StaticMeshActor_UAID_0250EB6F628EC56E01_1690282038 Label:Level_design_amazon_Asset_high_grass_003 SpatiallyLoaded:1 Bounds:IsValid=true, Min=(X=-366.955 Y=78.532 Z=0.000), Max=(X=290.720 Y=183.551 Z=100.000) RuntimeGrid:None EditorOnly:0 RuntimeOnly:0 HLODRelevant:1
 |   |   |- Guid:6087CF7948AD110FE8091B8A0909B282 BaseClass: NativeClass:/Script/Engine.StaticMeshActor Name:StaticMeshActor_UAID_0250EB6F628EC56E01_1690443045 Label:Level_design_amazon_Asset_short_grass_001 SpatiallyLoaded:1 Bounds:IsValid=true, Min=(X=-411.723 Y=-414.605 Z=0.000), Max=(X=-261.723 Y=-264.605 Z=50.800) RuntimeGrid:None EditorOnly:0 RuntimeOnly:0 HLODRelevant:1
 |   |   |- Guid:60B93A5B40A0BB69821F1AB9CDE6B440 BaseClass: NativeClass:/Script/Engine.StaticMeshActor Name:StaticMeshActor_UAID_0250EB6F628EC56E01_1690688055 Label:Level_design_amazon_asset_floor_grass_2 SpatiallyLoaded:1 Bounds:IsValid=true, Min=(X=-760.371 Y=-888.512 Z=-50.800), Max=(X=290.720 Y=183.551 Z=0.000) RuntimeGrid:None EditorOnly:0 RuntimeOnly:0 HLODRelevant:1
 |   |   |- Guid:6BAF4DDD444C60371492D3919DB42C97 BaseClass: NativeClass:/Script/Engine.WorldDataLayers Name:WorldDataLayers Label:WorldDataLayers SpatiallyLoaded:0 Bounds:IsValid=true, Min=(X=0.000 Y=0.000 Z=0.000), Max=(X=0.000 Y=0.000 Z=0.000) RuntimeGrid:None EditorOnly:0 RuntimeOnly:0 HLODRelevant:0
 |   |   |- Guid:879E49A047B580454504AA893452B541 BaseClass: NativeClass:/Script/Engine.StaticMeshActor Name:StaticMeshActor_UAID_0250EB6F628EC56E01_1690344041 Label:Level_design_amazon_Asset_high_grass_006 SpatiallyLoaded:1 Bounds:IsValid=true, Min=(X=-548.846 Y=-888.512 Z=0.000), Max=(X=-142.145 Y=-702.984 Z=100.000) RuntimeGrid:None EditorOnly:0 RuntimeOnly:0 HLODRelevant:1
 |   |   |- Guid:87A122E64B808A44D9F5179DFBA81316 BaseClass: NativeClass:/Script/Engine.StaticMeshActor Name:StaticMeshActor_UAID_0250EB6F628EC56E01_1690514048 Label:Level_design_amazon_Banana_spawn_001 SpatiallyLoaded:1 Bounds:IsValid=true, Min=(X=390.854 Y=-766.411 Z=0.000), Max=(X=440.854 Y=-716.411 Z=50.000) RuntimeGrid:None EditorOnly:0 RuntimeOnly:0 HLODRelevant:1
 |   |   |- Guid:A24DE154455A5783ED9CEF8AF12E8691 BaseClass: NativeClass:/Script/Engine.StaticMeshActor Name:StaticMeshActor_UAID_0250EB6F628EC56E01_1690421044 Label:Level_design_amazon_Asset_river_001 SpatiallyLoaded:1 Bounds:IsValid=true, Min=(X=527.013 Y=-888.512 Z=-50.000), Max=(X=808.598 Y=183.551 Z=0.000) RuntimeGrid:None EditorOnly:0 RuntimeOnly:0 HLODRelevant:1
 |   |   |- Guid:AC191135479F8E2BAF496D87C4FEDB25 BaseClass: NativeClass:/Script/Engine.StaticMeshActor Name:StaticMeshActor_UAID_0250EB6F628EC56E01_1690616052 Label:Level_design_amazon_Character_Player SpatiallyLoaded:1 Bounds:IsValid=true, Min=(X=-670.805 Y=-311.225 Z=0.000), Max=(X=-630.805 Y=-271.225 Z=150.000) RuntimeGrid:None EditorOnly:0 RuntimeOnly:0 HLODRelevant:1
 |   |   |- Guid:B0B4118948E2C22DDD0BE88AE328E039 BaseClass: NativeClass:/Script/Engine.StaticMeshActor Name:StaticMeshActor_UAID_0250EB6F628EC56E01_1690369042 Label:Level_design_amazon_Asset_high_grass_007 SpatiallyLoaded:1 Bounds:IsValid=true, Min=(X=-141.795 Y=-888.512 Z=0.000), Max=(X=290.720 Y=-808.016 Z=100.000) RuntimeGrid:None EditorOnly:0 RuntimeOnly:0 HLODRelevant:1
 |   |   |- Guid:B785ED2844B84CFB91E7F39FE661CD99 BaseClass: NativeClass:/Script/Engine.DirectionalLight Name:DirectionalLight_0 Label:DirectionalLight SpatiallyLoaded:0 Bounds:IsValid=true, Min=(X=-1048576.000 Y=-1048576.000 Z=-1048576.000), Max=(X=1048576.000 Y=1048576.000 Z=1048576.000) RuntimeGrid:None EditorOnly:0 RuntimeOnly:0 HLODRelevant:0 FolderPath:Lighting FolderGuid:963EC3EB4002CCE9759E2EBA541A873A
 |   |   |- Guid:CA4EB4814D0B3229575238A7E9DE70D7 BaseClass: NativeClass:/Script/Engine.StaticMeshActor Name:StaticMeshActor_UAID_0250EB6F628EC56E01_1690663054 Label:Level_design_amazon_Enemy_snake_001 SpatiallyLoaded:1 Bounds:IsValid=true, Min=(X=-361.723 Y=-366.890 Z=0.000), Max=(X=-311.723 Y=-316.890 Z=80.000) RuntimeGrid:None EditorOnly:0 RuntimeOnly:0 HLODRelevant:1
 |   |   |- Guid:CCFF262C46EEFFDF319E7F9539CE697E BaseClass: NativeClass:/Script/Engine.SkyAtmosphere Name:SkyAtmosphere_0 Label:SkyAtmosphere SpatiallyLoaded:0 Bounds:IsValid=true, Min=(X=0.000 Y=0.000 Z=1020.000), Max=(X=0.000 Y=0.000 Z=1020.000) RuntimeGrid:None EditorOnly:0 RuntimeOnly:0 HLODRelevant:0 FolderPath:Lighting FolderGuid:963EC3EB4002CCE9759E2EBA541A873A
 |   |   |- Guid:D5BF0BC742DA1DBDB6351BB3CB09A1FF BaseClass: NativeClass:/Script/Engine.StaticMeshActor Name:StaticMeshActor_UAID_0250EB6F628EC56E01_1690324040 Label:Level_design_amazon_Asset_high_grass_005 SpatiallyLoaded:1 Bounds:IsValid=true, Min=(X=-760.371 Y=-888.512 Z=0.000), Max=(X=-548.846 Y=-387.950 Z=100.000) RuntimeGrid:None EditorOnly:0 RuntimeOnly:0 HLODRelevant:1
 |   |   |- Guid:E667A1DD49F78A78DD7B998D338A6786 BaseClass: NativeClass:/Script/Engine.StaticMeshActor Name:StaticMeshActor_UAID_0250EB6F628EC56E01_1690259037 Label:Level_design_amazon_Asset_high_grass_002 SpatiallyLoaded:1 Bounds:IsValid=true, Min=(X=-548.846 Y=-2.209 Z=0.000), Max=(X=-366.955 Y=183.551 Z=100.000) RuntimeGrid:None EditorOnly:0 RuntimeOnly:0 HLODRelevant:1
 |   |   |- Guid:E88299224158407F49DA1DBB70345CCF BaseClass: NativeClass:/Script/Engine.StaticMeshActor Name:StaticMeshActor_UAID_0250EB6F628EC56E01_1690561050 Label:Level_design_amazon_Butterfly_spawn_001 SpatiallyLoaded:1 Bounds:IsValid=true, Min=(X=-491.900 Y=-484.671 Z=0.000), Max=(X=-441.900 Y=-434.671 Z=50.000) RuntimeGrid:None EditorOnly:0 RuntimeOnly:0 HLODRelevant:1
 |   |   |- Guid:EB2B12F6409E92DA82ACFD9865A72F13 BaseClass: NativeClass:/Script/Engine.StaticMeshActor Name:StaticMeshActor_UAID_0250EB6F628EC56E01_1690305039 Label:Level_design_amazon_Asset_high_grass_004 SpatiallyLoaded:1 Bounds:IsValid=true, Min=(X=-109.837 Y=-63.598 Z=0.000), Max=(X=290.720 Y=78.532 Z=100.000) RuntimeGrid:None EditorOnly:0 RuntimeOnly:0 HLODRelevant:1
 |   |   |- Guid:EC4E0C944CE6AC6E784BC6BB2916EA13 BaseClass: NativeClass:/Script/Engine.StaticMeshActor Name:StaticMeshActor_UAID_A4AE111137DC5EFB00_1110535423 Label:SM_SkySphere SpatiallyLoaded:0 Bounds:IsValid=true, Min=(X=-1638400.000 Y=-1638400.000 Z=-1638400.000), Max=(X=1638400.000 Y=1638400.000 Z=1638400.000) RuntimeGrid:None EditorOnly:0 RuntimeOnly:0 HLODRelevant:1 FolderPath:Lighting FolderGuid:963EC3EB4002CCE9759E2EBA541A873A
 |   |   |- Guid:ECF6DAD14D1FC1E99B3974931DA69E53 BaseClass: NativeClass:/Script/Engine.StaticMeshActor Name:StaticMeshActor_UAID_0250EB6F628EC56E01_1690639053 Label:Level_design_amazon_Enemy_crocodile_spawn_001 SpatiallyLoaded:1 Bounds:IsValid=true, Min=(X=658.998 Y=-395.652 Z=-29.709), Max=(X=708.998 Y=-345.652 Z=20.291) RuntimeGrid:None EditorOnly:0 RuntimeOnly:0 HLODRelevant:1
 |   |   |- Guid:F5E3FEB3450C49844FD93DA8E083C8AD BaseClass: NativeClass:/Script/Engine.PostProcessVolume Name:PostProcessVolume_0 Label:PostProcessVolume SpatiallyLoaded:0 Bounds:IsValid=true, Min=(X=0.000 Y=0.000 Z=400.000), Max=(X=200.000 Y=200.000 Z=600.000) RuntimeGrid:None EditorOnly:0 RuntimeOnly:0 HLODRelevant:0 FolderPath:Lighting FolderGuid:963EC3EB4002CCE9759E2EBA541A873A
 |   |   |- Guid:F6EC942B4DE5179601CCB1A3D8DA5142 BaseClass: NativeClass:/Script/Engine.StaticMeshActor Name:StaticMeshActor_UAID_0250EB6F628EC56E01_1690396043 Label:Level_design_amazon_Asset_high_grass_008 SpatiallyLoaded:1 Bounds:IsValid=true, Min=(X=127.833 Y=-808.016 Z=0.000), Max=(X=290.720 Y=-704.805 Z=100.000) RuntimeGrid:None EditorOnly:0 RuntimeOnly:0 HLODRelevant:1
 |   |- [+] Clusters:
 |   |   |- [+] [  0]
 |   |   |   |- Guid:6BAF4DDD444C60371492D3919DB42C97 BaseClass: NativeClass:/Script/Engine.WorldDataLayers Name:WorldDataLayers Label:WorldDataLayers SpatiallyLoaded:0 Bounds:IsValid=true, Min=(X=0.000 Y=0.000 Z=0.000), Max=(X=0.000 Y=0.000 Z=0.000) RuntimeGrid:None EditorOnly:0 RuntimeOnly:0 HLODRelevant:0
 |   |   |- [+] [  1]
 |   |   |   |- Guid:F5E3FEB3450C49844FD93DA8E083C8AD BaseClass: NativeClass:/Script/Engine.PostProcessVolume Name:PostProcessVolume_0 Label:PostProcessVolume SpatiallyLoaded:0 Bounds:IsValid=true, Min=(X=0.000 Y=0.000 Z=400.000), Max=(X=200.000 Y=200.000 Z=600.000) RuntimeGrid:None EditorOnly:0 RuntimeOnly:0 HLODRelevant:0 FolderPath:Lighting FolderGuid:963EC3EB4002CCE9759E2EBA541A873A
 |   |   |- [+] [  2]
 |   |   |   |- Guid:5B97F4A64FB21F77EFC44386BF705B4C BaseClass: NativeClass:/Script/Engine.TextRenderActor Name:TextRenderActor_1 Label:TextRenderActor SpatiallyLoaded:1 Bounds:IsValid=true, Min=(X=-0.100 Y=1100.000 Z=65.013), Max=(X=-0.100 Y=2392.308 Z=215.013) RuntimeGrid:None EditorOnly:0 RuntimeOnly:0 HLODRelevant:0
 |   |   |- [+] [  3]
 |   |   |   |- Guid:4D3BE93F4146AAAC8BBE79999D96D57F BaseClass: NativeClass:/Script/Engine.VolumetricCloud Name:VolumetricCloud_0 Label:VolumetricCloud SpatiallyLoaded:0 Bounds:IsValid=true, Min=(X=0.000 Y=0.000 Z=820.000), Max=(X=0.000 Y=0.000 Z=820.000) RuntimeGrid:None EditorOnly:0 RuntimeOnly:0 HLODRelevant:0 FolderPath:Lighting FolderGuid:963EC3EB4002CCE9759E2EBA541A873A
 |   |   |- [+] [  4]
 |   |   |   |- Guid:CCFF262C46EEFFDF319E7F9539CE697E BaseClass: NativeClass:/Script/Engine.SkyAtmosphere Name:SkyAtmosphere_0 Label:SkyAtmosphere SpatiallyLoaded:0 Bounds:IsValid=true, Min=(X=0.000 Y=0.000 Z=1020.000), Max=(X=0.000 Y=0.000 Z=1020.000) RuntimeGrid:None EditorOnly:0 RuntimeOnly:0 HLODRelevant:0 FolderPath:Lighting FolderGuid:963EC3EB4002CCE9759E2EBA541A873A
 |   |   |- [+] [  5]
 |   |   |   |- Guid:EC4E0C944CE6AC6E784BC6BB2916EA13 BaseClass: NativeClass:/Script/Engine.StaticMeshActor Name:StaticMeshActor_UAID_A4AE111137DC5EFB00_1110535423 Label:SM_SkySphere SpatiallyLoaded:0 Bounds:IsValid=true, Min=(X=-1638400.000 Y=-1638400.000 Z=-1638400.000), Max=(X=1638400.000 Y=1638400.000 Z=1638400.000) RuntimeGrid:None EditorOnly:0 RuntimeOnly:0 HLODRelevant:1 FolderPath:Lighting FolderGuid:963EC3EB4002CCE9759E2EBA541A873A
 |   |   |- [+] [  6]
 |   |   |   |- Guid:B785ED2844B84CFB91E7F39FE661CD99 BaseClass: NativeClass:/Script/Engine.DirectionalLight Name:DirectionalLight_0 Label:DirectionalLight SpatiallyLoaded:0 Bounds:IsValid=true, Min=(X=-1048576.000 Y=-1048576.000 Z=-1048576.000), Max=(X=1048576.000 Y=1048576.000 Z=1048576.000) RuntimeGrid:None EditorOnly:0 RuntimeOnly:0 HLODRelevant:0 FolderPath:Lighting FolderGuid:963EC3EB4002CCE9759E2EBA541A873A
 |   |   |- [+] [  7]
 |   |   |   |- Guid:316CF2A6494ACA4C0E4180A87D36AB8F BaseClass: NativeClass:/Script/Engine.ExponentialHeightFog Name:ExponentialHeightFog_0 Label:ExponentialHeightFog SpatiallyLoaded:0 Bounds:IsValid=true, Min=(X=-5600.000 Y=-50.000 Z=-6850.000), Max=(X=-5600.000 Y=-50.000 Z=-6850.000) RuntimeGrid:None EditorOnly:0 RuntimeOnly:0 HLODRelevant:0 FolderPath:Lighting FolderGuid:963EC3EB4002CCE9759E2EBA541A873A
 |   |   |- [+] [  8]
 |   |   |   |- Guid:2FB58999456391D349DC0F86DAC136ED BaseClass: NativeClass:/Script/Engine.SkyLight Name:SkyLight_1 Label:SkyLight SpatiallyLoaded:0 Bounds:IsValid=true, Min=(X=0.000 Y=0.000 Z=690.000), Max=(X=0.000 Y=0.000 Z=690.000) RuntimeGrid:None EditorOnly:0 RuntimeOnly:0 HLODRelevant:0 FolderPath:Lighting FolderGuid:963EC3EB4002CCE9759E2EBA541A873A
 |   |   |- [+] [  9]
 |   |   |   |- Guid:3A00AA1C422CE54C0BDB60BAF471BFBB BaseClass: NativeClass:/Script/Engine.PlayerStart Name:PlayerStart_0 Label:PlayerStart SpatiallyLoaded:0 Bounds:IsValid=true, Min=(X=-610.000 Y=-320.000 Z=58.000), Max=(X=-530.000 Y=-240.000 Z=242.000) RuntimeGrid:None EditorOnly:0 RuntimeOnly:0 HLODRelevant:0
 |   |   |- [+] [ 10]
 |   |   |   |- Guid:1C0F01C9434EB85CC20403ACC6AF13E9 BaseClass: NativeClass:/Script/Engine.StaticMeshActor Name:StaticMeshActor_UAID_0250EB6F628EC56E01_1690185034 Label:Level_design_amazon_asset_floor_grass SpatiallyLoaded:1 Bounds:IsValid=true, Min=(X=-760.371 Y=-888.512 Z=-50.800), Max=(X=290.720 Y=183.551 Z=0.000) RuntimeGrid:None EditorOnly:0 RuntimeOnly:0 HLODRelevant:1
 |   |   |- [+] [ 11]
 |   |   |   |- Guid:34EDECF841E83211C55C8FB85352D316 BaseClass: NativeClass:/Script/Engine.StaticMeshActor Name:StaticMeshActor_UAID_0250EB6F628EC56E01_1690213035 Label:Level_design_amazon_Asset_floor_sand SpatiallyLoaded:1 Bounds:IsValid=true, Min=(X=290.720 Y=-888.512 Z=-50.000), Max=(X=527.013 Y=183.551 Z=0.000) RuntimeGrid:None EditorOnly:0 RuntimeOnly:0 HLODRelevant:1
 |   |   |- [+] [ 12]
 |   |   |   |- Guid:49E3EDD94D47C154EBE590ACCF3789E9 BaseClass: NativeClass:/Script/Engine.StaticMeshActor Name:StaticMeshActor_UAID_0250EB6F628EC56E01_1690235036 Label:Level_design_amazon_Asset_high_grass_001 SpatiallyLoaded:1 Bounds:IsValid=true, Min=(X=-760.371 Y=-187.863 Z=0.000), Max=(X=-548.846 Y=183.551 Z=100.000) RuntimeGrid:None EditorOnly:0 RuntimeOnly:0 HLODRelevant:1
 |   |   |- [+] [ 13]
 |   |   |   |- Guid:E667A1DD49F78A78DD7B998D338A6786 BaseClass: NativeClass:/Script/Engine.StaticMeshActor Name:StaticMeshActor_UAID_0250EB6F628EC56E01_1690259037 Label:Level_design_amazon_Asset_high_grass_002 SpatiallyLoaded:1 Bounds:IsValid=true, Min=(X=-548.846 Y=-2.209 Z=0.000), Max=(X=-366.955 Y=183.551 Z=100.000) RuntimeGrid:None EditorOnly:0 RuntimeOnly:0 HLODRelevant:1
 |   |   |- [+] [ 14]
 |   |   |   |- Guid:5E1D8F994E319AA17B84A48B99D361BF BaseClass: NativeClass:/Script/Engine.StaticMeshActor Name:StaticMeshActor_UAID_0250EB6F628EC56E01_1690282038 Label:Level_design_amazon_Asset_high_grass_003 SpatiallyLoaded:1 Bounds:IsValid=true, Min=(X=-366.955 Y=78.532 Z=0.000), Max=(X=290.720 Y=183.551 Z=100.000) RuntimeGrid:None EditorOnly:0 RuntimeOnly:0 HLODRelevant:1
 |   |   |- [+] [ 15]
 |   |   |   |- Guid:EB2B12F6409E92DA82ACFD9865A72F13 BaseClass: NativeClass:/Script/Engine.StaticMeshActor Name:StaticMeshActor_UAID_0250EB6F628EC56E01_1690305039 Label:Level_design_amazon_Asset_high_grass_004 SpatiallyLoaded:1 Bounds:IsValid=true, Min=(X=-109.837 Y=-63.598 Z=0.000), Max=(X=290.720 Y=78.532 Z=100.000) RuntimeGrid:None EditorOnly:0 RuntimeOnly:0 HLODRelevant:1
 |   |   |- [+] [ 16]
 |   |   |   |- Guid:D5BF0BC742DA1DBDB6351BB3CB09A1FF BaseClass: NativeClass:/Script/Engine.StaticMeshActor Name:StaticMeshActor_UAID_0250EB6F628EC56E01_1690324040 Label:Level_design_amazon_Asset_high_grass_005 SpatiallyLoaded:1 Bounds:IsValid=true, Min=(X=-760.371 Y=-888.512 Z=0.000), Max=(X=-548.846 Y=-387.950 Z=100.000) RuntimeGrid:None EditorOnly:0 RuntimeOnly:0 HLODRelevant:1
 |   |   |- [+] [ 17]
 |   |   |   |- Guid:879E49A047B580454504AA893452B541 BaseClass: NativeClass:/Script/Engine.StaticMeshActor Name:StaticMeshActor_UAID_0250EB6F628EC56E01_1690344041 Label:Level_design_amazon_Asset_high_grass_006 SpatiallyLoaded:1 Bounds:IsValid=true, Min=(X=-548.846 Y=-888.512 Z=0.000), Max=(X=-142.145 Y=-702.984 Z=100.000) RuntimeGrid:None EditorOnly:0 RuntimeOnly:0 HLODRelevant:1
 |   |   |- [+] [ 18]
 |   |   |   |- Guid:B0B4118948E2C22DDD0BE88AE328E039 BaseClass: NativeClass:/Script/Engine.StaticMeshActor Name:StaticMeshActor_UAID_0250EB6F628EC56E01_1690369042 Label:Level_design_amazon_Asset_high_grass_007 SpatiallyLoaded:1 Bounds:IsValid=true, Min=(X=-141.795 Y=-888.512 Z=0.000), Max=(X=290.720 Y=-808.016 Z=100.000) RuntimeGrid:None EditorOnly:0 RuntimeOnly:0 HLODRelevant:1
 |   |   |- [+] [ 19]
 |   |   |   |- Guid:F6EC942B4DE5179601CCB1A3D8DA5142 BaseClass: NativeClass:/Script/Engine.StaticMeshActor Name:StaticMeshActor_UAID_0250EB6F628EC56E01_1690396043 Label:Level_design_amazon_Asset_high_grass_008 SpatiallyLoaded:1 Bounds:IsValid=true, Min=(X=127.833 Y=-808.016 Z=0.000), Max=(X=290.720 Y=-704.805 Z=100.000) RuntimeGrid:None EditorOnly:0 RuntimeOnly:0 HLODRelevant:1
 |   |   |- [+] [ 20]
 |   |   |   |- Guid:A24DE154455A5783ED9CEF8AF12E8691 BaseClass: NativeClass:/Script/Engine.StaticMeshActor Name:StaticMeshActor_UAID_0250EB6F628EC56E01_1690421044 Label:Level_design_amazon_Asset_river_001 SpatiallyLoaded:1 Bounds:IsValid=true, Min=(X=527.013 Y=-888.512 Z=-50.000), Max=(X=808.598 Y=183.551 Z=0.000) RuntimeGrid:None EditorOnly:0 RuntimeOnly:0 HLODRelevant:1
 |   |   |- [+] [ 21]
 |   |   |   |- Guid:6087CF7948AD110FE8091B8A0909B282 BaseClass: NativeClass:/Script/Engine.StaticMeshActor Name:StaticMeshActor_UAID_0250EB6F628EC56E01_1690443045 Label:Level_design_amazon_Asset_short_grass_001 SpatiallyLoaded:1 Bounds:IsValid=true, Min=(X=-411.723 Y=-414.605 Z=0.000), Max=(X=-261.723 Y=-264.605 Z=50.800) RuntimeGrid:None EditorOnly:0 RuntimeOnly:0 HLODRelevant:1
 |   |   |- [+] [ 22]
 |   |   |   |- Guid:0E79CB2143F2B911A521B6B7200949E5 BaseClass: NativeClass:/Script/Engine.StaticMeshActor Name:StaticMeshActor_UAID_0250EB6F628EC56E01_1690467046 Label:Level_design_amazon_Asset_short_grass_002 SpatiallyLoaded:1 Bounds:IsValid=true, Min=(X=-64.182 Y=-377.744 Z=0.000), Max=(X=85.818 Y=-227.744 Z=50.800) RuntimeGrid:None EditorOnly:0 RuntimeOnly:0 HLODRelevant:1
 |   |   |- [+] [ 23]
 |   |   |   |- Guid:4591784147C7F5EEEFC42380D5A3A332 BaseClass: NativeClass:/Script/Engine.StaticMeshActor Name:StaticMeshActor_UAID_0250EB6F628EC56E01_1690490047 Label:Level_design_amazon_Asset_short_grass_003 SpatiallyLoaded:1 Bounds:IsValid=true, Min=(X=-169.518 Y=-645.494 Z=0.000), Max=(X=-19.518 Y=-495.494 Z=50.800) RuntimeGrid:None EditorOnly:0 RuntimeOnly:0 HLODRelevant:1
 |   |   |- [+] [ 24]
 |   |   |   |- Guid:87A122E64B808A44D9F5179DFBA81316 BaseClass: NativeClass:/Script/Engine.StaticMeshActor Name:StaticMeshActor_UAID_0250EB6F628EC56E01_1690514048 Label:Level_design_amazon_Banana_spawn_001 SpatiallyLoaded:1 Bounds:IsValid=true, Min=(X=390.854 Y=-766.411 Z=0.000), Max=(X=440.854 Y=-716.411 Z=50.000) RuntimeGrid:None EditorOnly:0 RuntimeOnly:0 HLODRelevant:1
 |   |   |- [+] [ 25]
 |   |   |   |- Guid:25A39BA14AA8AFEEF43CC082976EF9F5 BaseClass: NativeClass:/Script/Engine.StaticMeshActor Name:StaticMeshActor_UAID_0250EB6F628EC56E01_1690537049 Label:Level_design_amazon_Banana_spawn_002 SpatiallyLoaded:1 Bounds:IsValid=true, Min=(X=390.854 Y=64.031 Z=0.000), Max=(X=440.854 Y=114.031 Z=50.000) RuntimeGrid:None EditorOnly:0 RuntimeOnly:0 HLODRelevant:1
 |   |   |- [+] [ 26]
 |   |   |   |- Guid:E88299224158407F49DA1DBB70345CCF BaseClass: NativeClass:/Script/Engine.StaticMeshActor Name:StaticMeshActor_UAID_0250EB6F628EC56E01_1690561050 Label:Level_design_amazon_Butterfly_spawn_001 SpatiallyLoaded:1 Bounds:IsValid=true, Min=(X=-491.900 Y=-484.671 Z=0.000), Max=(X=-441.900 Y=-434.671 Z=50.000) RuntimeGrid:None EditorOnly:0 RuntimeOnly:0 HLODRelevant:1
 |   |   |- [+] [ 27]
 |   |   |   |- Guid:2B9BBD4C4C8A15FC38DD549A025C566B BaseClass: NativeClass:/Script/Engine.StaticMeshActor Name:StaticMeshActor_UAID_0250EB6F628EC56E01_1690592051 Label:Level_design_amazon_Butterfly_spawn_002 SpatiallyLoaded:1 Bounds:IsValid=true, Min=(X=193.104 Y=-359.717 Z=0.000), Max=(X=243.104 Y=-309.717 Z=50.000) RuntimeGrid:None EditorOnly:0 RuntimeOnly:0 HLODRelevant:1
 |   |   |- [+] [ 28]
 |   |   |   |- Guid:AC191135479F8E2BAF496D87C4FEDB25 BaseClass: NativeClass:/Script/Engine.StaticMeshActor Name:StaticMeshActor_UAID_0250EB6F628EC56E01_1690616052 Label:Level_design_amazon_Character_Player SpatiallyLoaded:1 Bounds:IsValid=true, Min=(X=-670.805 Y=-311.225 Z=0.000), Max=(X=-630.805 Y=-271.225 Z=150.000) RuntimeGrid:None EditorOnly:0 RuntimeOnly:0 HLODRelevant:1
 |   |   |- [+] [ 29]
 |   |   |   |- Guid:ECF6DAD14D1FC1E99B3974931DA69E53 BaseClass: NativeClass:/Script/Engine.StaticMeshActor Name:StaticMeshActor_UAID_0250EB6F628EC56E01_1690639053 Label:Level_design_amazon_Enemy_crocodile_spawn_001 SpatiallyLoaded:1 Bounds:IsValid=true, Min=(X=658.998 Y=-395.652 Z=-29.709), Max=(X=708.998 Y=-345.652 Z=20.291) RuntimeGrid:None EditorOnly:0 RuntimeOnly:0 HLODRelevant:1
 |   |   |- [+] [ 30]
 |   |   |   |- Guid:CA4EB4814D0B3229575238A7E9DE70D7 BaseClass: NativeClass:/Script/Engine.StaticMeshActor Name:StaticMeshActor_UAID_0250EB6F628EC56E01_1690663054 Label:Level_design_amazon_Enemy_snake_001 SpatiallyLoaded:1 Bounds:IsValid=true, Min=(X=-361.723 Y=-366.890 Z=0.000), Max=(X=-311.723 Y=-316.890 Z=80.000) RuntimeGrid:None EditorOnly:0 RuntimeOnly:0 HLODRelevant:1
 |   |   |- [+] [ 31]
 |   |   |   |- Guid:60B93A5B40A0BB69821F1AB9CDE6B440 BaseClass: NativeClass:/Script/Engine.StaticMeshActor Name:StaticMeshActor_UAID_0250EB6F628EC56E01_1690688055 Label:Level_design_amazon_asset_floor_grass_2 SpatiallyLoaded:1 Bounds:IsValid=true, Min=(X=-760.371 Y=-888.512 Z=-50.800), Max=(X=290.720 Y=183.551 Z=0.000) RuntimeGrid:None EditorOnly:0 RuntimeOnly:0 HLODRelevant:1
 |- ContainerInstances:
 |- [+] MainContainer:
 |   |-        ID: 0x0000000000000000
 |   |-    Bounds: IsValid=false, Min=(X=0.000 Y=0.000 Z=0.000), Max=(X=0.000 Y=0.000 Z=0.000)
 |   |- Transform: 0.000000,0.000000,0.000000|0.000000,0.000000,-0.000000|1.000000,1.000000,1.000000
 |   |- Container: /Game/ThirdPerson/Maps/ThirdPersonMap
----------------------------------------------------------------------------------------------------------------
ThirdPersonMap - Persistent Level
----------------------------------------------------------------------------------------------------------------
Always loaded Actor Count: 61 

----------------------------------------------------------------------------------------------------------------
ThirdPersonMap - Runtime Spatial Hash - Streaming Grid - MainGrid
----------------------------------------------------------------------------------------------------------------
            Origin: X=0.000 Y=0.000 Z=0.000
         Cell Size: 12800
      World Bounds: IsValid=false, Min=(X=0.000 Y=0.000 Z=0.000), Max=(X=0.000 Y=0.000 Z=0.000)
     Loading Range: 25600.00
Block Slow Loading: No
 ClientOnlyVisible: No

[+] Grid Levels: 1
 |- Level  0: Cell Count    0 | Cell Size   12800 | Actor Count    0 (0.0%)

[+] Content of Grid Level 0

